{"C:\\Users\\franc\\OneDrive\\Imágenes\\eMeet\\apps\\app-admin\\src\\app.ts": {"path":"C:\\Users\\franc\\OneDrive\\Imágenes\\eMeet\\apps\\app-admin\\src\\app.ts","statementMap":{"0":{"start":{"line":1,"column":0},"end":{"line":1,"column":23}},"1":{"start":{"line":2,"column":0},"end":{"line":2,"column":29}},"2":{"start":{"line":3,"column":0},"end":{"line":3,"column":27}},"3":{"start":{"line":4,"column":0},"end":{"line":4,"column":27}},"4":{"start":{"line":5,"column":0},"end":{"line":5,"column":37}},"5":{"start":{"line":6,"column":0},"end":{"line":6,"column":50}},"6":{"start":{"line":8,"column":12},"end":{"line":8,"column":21}},"7":{"start":{"line":10,"column":23},"end":{"line":17,"column":2}},"8":{"start":{"line":19,"column":38},"end":{"line":28,"column":null}},"9":{"start":{"line":21,"column":4},"end":{"line":21,"column":null}},"10":{"start":{"line":21,"column":17},"end":{"line":21,"column":null}},"11":{"start":{"line":22,"column":4},"end":{"line":22,"column":null}},"12":{"start":{"line":22,"column":36},"end":{"line":22,"column":null}},"13":{"start":{"line":23,"column":4},"end":{"line":23,"column":null}},"14":{"start":{"line":30,"column":0},"end":{"line":30,"column":null}},"15":{"start":{"line":31,"column":0},"end":{"line":31,"column":null}},"16":{"start":{"line":32,"column":0},"end":{"line":32,"column":null}},"17":{"start":{"line":33,"column":0},"end":{"line":33,"column":null}},"18":{"start":{"line":34,"column":0},"end":{"line":34,"column":null}},"19":{"start":{"line":36,"column":0},"end":{"line":38,"column":null}},"20":{"start":{"line":37,"column":2},"end":{"line":37,"column":null}},"21":{"start":{"line":40,"column":0},"end":{"line":40,"column":null}},"22":{"start":{"line":42,"column":0},"end":{"line":42,"column":null}}},"fnMap":{"0":{"name":"(anonymous_1)","decl":{"start":{"line":20,"column":10},"end":{"line":20,"column":11}},"loc":{"start":{"line":20,"column":31},"end":{"line":24,"column":3}}},"1":{"name":"(anonymous_2)","decl":{"start":{"line":36,"column":19},"end":{"line":36,"column":20}},"loc":{"start":{"line":36,"column":33},"end":{"line":38,"column":1}}}},"branchMap":{"0":{"loc":{"start":{"line":21,"column":4},"end":{"line":21,"column":null}},"type":"if","locations":[{"start":{"line":21,"column":4},"end":{"line":21,"column":null}},{"start":{},"end":{}}]},"1":{"loc":{"start":{"line":22,"column":4},"end":{"line":22,"column":null}},"type":"if","locations":[{"start":{"line":22,"column":4},"end":{"line":22,"column":null}},{"start":{},"end":{}}]}},"s":{"0":1,"1":1,"2":1,"3":1,"4":1,"5":1,"6":1,"7":1,"8":1,"9":8,"10":8,"11":0,"12":0,"13":0,"14":1,"15":1,"16":1,"17":1,"18":1,"19":1,"20":0,"21":1,"22":1},"f":{"0":8,"1":0},"b":{"0":[8,0],"1":[0,0]}}
,"C:\\Users\\franc\\OneDrive\\Imágenes\\eMeet\\apps\\app-admin\\src\\config\\env.ts": {"path":"C:\\Users\\franc\\OneDrive\\Imágenes\\eMeet\\apps\\app-admin\\src\\config\\env.ts","statementMap":{"0":{"start":{"line":1,"column":0},"end":{"line":1,"column":22}},"1":{"start":{"line":4,"column":16},"end":{"line":4,"column":33}},"2":{"start":{"line":5,"column":2},"end":{"line":5,"column":null}},"3":{"start":{"line":5,"column":14},"end":{"line":5,"column":null}},"4":{"start":{"line":6,"column":2},"end":{"line":6,"column":null}},"5":{"start":{"line":10,"column":2},"end":{"line":13,"column":3}},"6":{"start":{"line":11,"column":18},"end":{"line":11,"column":43}},"7":{"start":{"line":12,"column":4},"end":{"line":12,"column":null}},"8":{"start":{"line":12,"column":15},"end":{"line":12,"column":null}},"9":{"start":{"line":14,"column":2},"end":{"line":14,"column":null}},"10":{"start":{"line":18,"column":2},"end":{"line":18,"column":null}},"11":{"start":{"line":22,"column":2},"end":{"line":22,"column":null}},"12":{"start":{"line":22,"column":12},"end":{"line":22,"column":null}},"13":{"start":{"line":23,"column":2},"end":{"line":23,"column":null}},"14":{"start":{"line":26,"column":22},"end":{"line":31,"column":null}},"15":{"start":{"line":34,"column":22},"end":{"line":34,"column":101}},"16":{"start":{"line":36,"column":13},"end":{"line":45,"column":null}}},"fnMap":{"0":{"name":"requireEnv","decl":{"start":{"line":3,"column":9},"end":{"line":3,"column":19}},"loc":{"start":{"line":3,"column":32},"end":{"line":7,"column":1}}},"1":{"name":"requireEnvAny","decl":{"start":{"line":9,"column":9},"end":{"line":9,"column":22}},"loc":{"start":{"line":9,"column":38},"end":{"line":15,"column":1}}},"2":{"name":"normalizeOrigin","decl":{"start":{"line":17,"column":9},"end":{"line":17,"column":24}},"loc":{"start":{"line":17,"column":34},"end":{"line":19,"column":1}}},"3":{"name":"parseOrigins","decl":{"start":{"line":21,"column":9},"end":{"line":21,"column":21}},"loc":{"start":{"line":21,"column":34},"end":{"line":24,"column":1}}}},"branchMap":{"0":{"loc":{"start":{"line":5,"column":2},"end":{"line":5,"column":null}},"type":"if","locations":[{"start":{"line":5,"column":2},"end":{"line":5,"column":null}},{"start":{},"end":{}}]},"1":{"loc":{"start":{"line":12,"column":4},"end":{"line":12,"column":null}},"type":"if","locations":[{"start":{"line":12,"column":4},"end":{"line":12,"column":null}},{"start":{},"end":{}}]},"2":{"loc":{"start":{"line":22,"column":2},"end":{"line":22,"column":null}},"type":"if","locations":[{"start":{"line":22,"column":2},"end":{"line":22,"column":null}},{"start":{},"end":{}}]},"3":{"loc":{"start":{"line":27,"column":2},"end":{"line":31,"column":25}},"type":"binary-expr","locations":[{"start":{"line":27,"column":2},"end":{"line":27,"column":37}},{"start":{"line":28,"column":3},"end":{"line":30,"column":15}},{"start":{"line":31,"column":2},"end":{"line":31,"column":25}}]},"4":{"loc":{"start":{"line":28,"column":3},"end":{"line":30,"column":15}},"type":"cond-expr","locations":[{"start":{"line":29,"column":6},"end":{"line":29,"column":67}},{"start":{"line":30,"column":6},"end":{"line":30,"column":15}}]},"5":{"loc":{"start":{"line":34,"column":22},"end":{"line":34,"column":101}},"type":"cond-expr","locations":[{"start":{"line":34,"column":47},"end":{"line":34,"column":89}},{"start":{"line":34,"column":92},"end":{"line":34,"column":101}}]},"6":{"loc":{"start":{"line":37,"column":15},"end":{"line":37,"column":39}},"type":"binary-expr","locations":[{"start":{"line":37,"column":15},"end":{"line":37,"column":31}},{"start":{"line":37,"column":35},"end":{"line":37,"column":39}}]}},"s":{"0":1,"1":1,"2":1,"3":0,"4":1,"5":2,"6":2,"7":2,"8":2,"9":0,"10":2,"11":1,"12":0,"13":1,"14":1,"15":1,"16":1},"f":{"0":1,"1":2,"2":2,"3":1},"b":{"0":[0,1],"1":[2,0],"2":[0,1],"3":[1,0,0],"4":[0,0],"5":[0,1],"6":[1,0]}}
,"C:\\Users\\franc\\OneDrive\\Imágenes\\eMeet\\apps\\app-admin\\src\\routes\\admin.routes.ts": {"path":"C:\\Users\\franc\\OneDrive\\Imágenes\\eMeet\\apps\\app-admin\\src\\routes\\admin.routes.ts","statementMap":{"0":{"start":{"line":1,"column":0},"end":{"line":1,"column":32}},"1":{"start":{"line":2,"column":0},"end":{"line":2,"column":89}},"2":{"start":{"line":3,"column":0},"end":{"line":3,"column":77}},"3":{"start":{"line":4,"column":0},"end":{"line":4,"column":75}},"4":{"start":{"line":6,"column":15},"end":{"line":6,"column":23}},"5":{"start":{"line":8,"column":18},"end":{"line":35,"column":1}},"6":{"start":{"line":9,"column":2},"end":{"line":9,"column":null}},"7":{"start":{"line":9,"column":21},"end":{"line":9,"column":null}},"8":{"start":{"line":13,"column":4},"end":{"line":14,"column":36}},"9":{"start":{"line":16,"column":2},"end":{"line":16,"column":null}},"10":{"start":{"line":18,"column":2},"end":{"line":18,"column":null}},"11":{"start":{"line":18,"column":28},"end":{"line":18,"column":null}},"12":{"start":{"line":21,"column":2},"end":{"line":34,"column":3}},"13":{"start":{"line":22,"column":21},"end":{"line":22,"column":46}},"14":{"start":{"line":23,"column":30},"end":{"line":27,"column":15}},"15":{"start":{"line":29,"column":4},"end":{"line":29,"column":null}},"16":{"start":{"line":29,"column":35},"end":{"line":29,"column":null}},"17":{"start":{"line":31,"column":4},"end":{"line":31,"column":null}},"18":{"start":{"line":33,"column":4},"end":{"line":33,"column":null}},"19":{"start":{"line":39,"column":0},"end":{"line":67,"column":null}},"20":{"start":{"line":40,"column":2},"end":{"line":66,"column":3}},"21":{"start":{"line":41,"column":21},"end":{"line":41,"column":46}},"22":{"start":{"line":43,"column":75},"end":{"line":46,"column":6}},"23":{"start":{"line":48,"column":4},"end":{"line":48,"column":null}},"24":{"start":{"line":48,"column":23},"end":{"line":48,"column":null}},"25":{"start":{"line":50,"column":21},"end":{"line":51,"column":null}},"26":{"start":{"line":51,"column":41},"end":{"line":51,"column":62}},"27":{"start":{"line":54,"column":18},"end":{"line":61,"column":7}},"28":{"start":{"line":54,"column":47},"end":{"line":61,"column":6}},"29":{"start":{"line":63,"column":4},"end":{"line":63,"column":null}},"30":{"start":{"line":65,"column":4},"end":{"line":65,"column":null}},"31":{"start":{"line":69,"column":0},"end":{"line":86,"column":null}},"32":{"start":{"line":70,"column":2},"end":{"line":85,"column":3}},"33":{"start":{"line":71,"column":19},"end":{"line":71,"column":29}},"34":{"start":{"line":72,"column":21},"end":{"line":72,"column":46}},"35":{"start":{"line":74,"column":28},"end":{"line":78,"column":15}},"36":{"start":{"line":80,"column":4},"end":{"line":80,"column":null}},"37":{"start":{"line":80,"column":24},"end":{"line":80,"column":null}},"38":{"start":{"line":82,"column":4},"end":{"line":82,"column":null}},"39":{"start":{"line":84,"column":4},"end":{"line":84,"column":null}},"40":{"start":{"line":88,"column":0},"end":{"line":115,"column":null}},"41":{"start":{"line":89,"column":2},"end":{"line":114,"column":3}},"42":{"start":{"line":90,"column":19},"end":{"line":90,"column":29}},"43":{"start":{"line":91,"column":32},"end":{"line":91,"column":40}},"44":{"start":{"line":92,"column":21},"end":{"line":92,"column":46}},"45":{"start":{"line":94,"column":45},"end":{"line":94,"column":47}},"46":{"start":{"line":95,"column":4},"end":{"line":95,"column":null}},"47":{"start":{"line":95,"column":28},"end":{"line":95,"column":null}},"48":{"start":{"line":96,"column":4},"end":{"line":96,"column":null}},"49":{"start":{"line":96,"column":33},"end":{"line":96,"column":null}},"50":{"start":{"line":98,"column":4},"end":{"line":100,"column":5}},"51":{"start":{"line":99,"column":6},"end":{"line":99,"column":null}},"52":{"start":{"line":102,"column":28},"end":{"line":107,"column":15}},"53":{"start":{"line":109,"column":4},"end":{"line":109,"column":null}},"54":{"start":{"line":109,"column":15},"end":{"line":109,"column":null}},"55":{"start":{"line":111,"column":4},"end":{"line":111,"column":null}},"56":{"start":{"line":113,"column":4},"end":{"line":113,"column":null}},"57":{"start":{"line":117,"column":0},"end":{"line":130,"column":null}},"58":{"start":{"line":118,"column":2},"end":{"line":129,"column":3}},"59":{"start":{"line":119,"column":19},"end":{"line":119,"column":29}},"60":{"start":{"line":120,"column":21},"end":{"line":120,"column":46}},"61":{"start":{"line":122,"column":22},"end":{"line":122,"column":75}},"62":{"start":{"line":124,"column":4},"end":{"line":124,"column":null}},"63":{"start":{"line":124,"column":15},"end":{"line":124,"column":null}},"64":{"start":{"line":126,"column":4},"end":{"line":126,"column":null}},"65":{"start":{"line":128,"column":4},"end":{"line":128,"column":null}},"66":{"start":{"line":134,"column":0},"end":{"line":159,"column":null}},"67":{"start":{"line":135,"column":2},"end":{"line":158,"column":3}},"68":{"start":{"line":136,"column":21},"end":{"line":136,"column":46}},"69":{"start":{"line":138,"column":28},"end":{"line":141,"column":48}},"70":{"start":{"line":143,"column":4},"end":{"line":143,"column":null}},"71":{"start":{"line":143,"column":15},"end":{"line":143,"column":null}},"72":{"start":{"line":145,"column":19},"end":{"line":153,"column":7}},"73":{"start":{"line":145,"column":44},"end":{"line":153,"column":6}},"74":{"start":{"line":155,"column":4},"end":{"line":155,"column":null}},"75":{"start":{"line":157,"column":4},"end":{"line":157,"column":null}},"76":{"start":{"line":161,"column":0},"end":{"line":174,"column":null}},"77":{"start":{"line":162,"column":2},"end":{"line":173,"column":3}},"78":{"start":{"line":163,"column":19},"end":{"line":163,"column":29}},"79":{"start":{"line":164,"column":21},"end":{"line":164,"column":46}},"80":{"start":{"line":166,"column":22},"end":{"line":166,"column":83}},"81":{"start":{"line":168,"column":4},"end":{"line":168,"column":null}},"82":{"start":{"line":168,"column":15},"end":{"line":168,"column":null}},"83":{"start":{"line":170,"column":4},"end":{"line":170,"column":null}},"84":{"start":{"line":172,"column":4},"end":{"line":172,"column":null}},"85":{"start":{"line":178,"column":0},"end":{"line":206,"column":null}},"86":{"start":{"line":179,"column":2},"end":{"line":205,"column":3}},"87":{"start":{"line":180,"column":21},"end":{"line":180,"column":46}},"88":{"start":{"line":187,"column":8},"end":{"line":192,"column":6}},"89":{"start":{"line":194,"column":4},"end":{"line":202,"column":null}},"90":{"start":{"line":204,"column":4},"end":{"line":204,"column":null}},"91":{"start":{"line":208,"column":0},"end":{"line":208,"column":null}}},"fnMap":{"0":{"name":"(anonymous_0)","decl":{"start":{"line":8,"column":18},"end":{"line":8,"column":23}},"loc":{"start":{"line":8,"column":58},"end":{"line":35,"column":1}}},"1":{"name":"(anonymous_1)","decl":{"start":{"line":39,"column":42},"end":{"line":39,"column":47}},"loc":{"start":{"line":39,"column":62},"end":{"line":67,"column":1}}},"2":{"name":"(anonymous_2)","decl":{"start":{"line":51,"column":34},"end":{"line":51,"column":35}},"loc":{"start":{"line":51,"column":41},"end":{"line":51,"column":62}}},"3":{"name":"(anonymous_3)","decl":{"start":{"line":54,"column":39},"end":{"line":54,"column":40}},"loc":{"start":{"line":54,"column":47},"end":{"line":61,"column":6}}},"4":{"name":"(anonymous_4)","decl":{"start":{"line":69,"column":46},"end":{"line":69,"column":51}},"loc":{"start":{"line":69,"column":65},"end":{"line":86,"column":1}}},"5":{"name":"(anonymous_5)","decl":{"start":{"line":88,"column":46},"end":{"line":88,"column":51}},"loc":{"start":{"line":88,"column":65},"end":{"line":115,"column":1}}},"6":{"name":"(anonymous_6)","decl":{"start":{"line":117,"column":49},"end":{"line":117,"column":54}},"loc":{"start":{"line":117,"column":68},"end":{"line":130,"column":1}}},"7":{"name":"(anonymous_7)","decl":{"start":{"line":134,"column":43},"end":{"line":134,"column":48}},"loc":{"start":{"line":134,"column":63},"end":{"line":159,"column":1}}},"8":{"name":"(anonymous_8)","decl":{"start":{"line":145,"column":36},"end":{"line":145,"column":37}},"loc":{"start":{"line":145,"column":44},"end":{"line":153,"column":6}}},"9":{"name":"(anonymous_9)","decl":{"start":{"line":161,"column":50},"end":{"line":161,"column":55}},"loc":{"start":{"line":161,"column":69},"end":{"line":174,"column":1}}},"10":{"name":"(anonymous_10)","decl":{"start":{"line":178,"column":47},"end":{"line":178,"column":52}},"loc":{"start":{"line":178,"column":67},"end":{"line":206,"column":1}}}},"branchMap":{"0":{"loc":{"start":{"line":9,"column":2},"end":{"line":9,"column":null}},"type":"if","locations":[{"start":{"line":9,"column":2},"end":{"line":9,"column":null}},{"start":{},"end":{}}]},"1":{"loc":{"start":{"line":13,"column":4},"end":{"line":14,"column":36}},"type":"binary-expr","locations":[{"start":{"line":13,"column":4},"end":{"line":13,"column":35}},{"start":{"line":14,"column":4},"end":{"line":14,"column":36}}]},"2":{"loc":{"start":{"line":18,"column":2},"end":{"line":18,"column":null}},"type":"if","locations":[{"start":{"line":18,"column":2},"end":{"line":18,"column":null}},{"start":{},"end":{}}]},"3":{"loc":{"start":{"line":29,"column":4},"end":{"line":29,"column":null}},"type":"if","locations":[{"start":{"line":29,"column":4},"end":{"line":29,"column":null}},{"start":{},"end":{}}]},"4":{"loc":{"start":{"line":48,"column":4},"end":{"line":48,"column":null}},"type":"if","locations":[{"start":{"line":48,"column":4},"end":{"line":48,"column":null}},{"start":{},"end":{}}]},"5":{"loc":{"start":{"line":51,"column":7},"end":{"line":51,"column":28}},"type":"binary-expr","locations":[{"start":{"line":51,"column":7},"end":{"line":51,"column":22}},{"start":{"line":51,"column":26},"end":{"line":51,"column":28}}]},"6":{"loc":{"start":{"line":51,"column":48},"end":{"line":51,"column":61}},"type":"binary-expr","locations":[{"start":{"line":51,"column":48},"end":{"line":51,"column":55}},{"start":{"line":51,"column":59},"end":{"line":51,"column":61}}]},"7":{"loc":{"start":{"line":54,"column":19},"end":{"line":54,"column":33}},"type":"binary-expr","locations":[{"start":{"line":54,"column":19},"end":{"line":54,"column":27}},{"start":{"line":54,"column":31},"end":{"line":54,"column":33}}]},"8":{"loc":{"start":{"line":57,"column":13},"end":{"line":57,"column":37}},"type":"binary-expr","locations":[{"start":{"line":57,"column":13},"end":{"line":57,"column":31}},{"start":{"line":57,"column":35},"end":{"line":57,"column":37}}]},"9":{"loc":{"start":{"line":58,"column":12},"end":{"line":58,"column":28}},"type":"binary-expr","locations":[{"start":{"line":58,"column":12},"end":{"line":58,"column":18}},{"start":{"line":58,"column":22},"end":{"line":58,"column":28}}]},"10":{"loc":{"start":{"line":59,"column":18},"end":{"line":59,"column":46}},"type":"binary-expr","locations":[{"start":{"line":59,"column":18},"end":{"line":59,"column":37}},{"start":{"line":59,"column":41},"end":{"line":59,"column":46}}]},"11":{"loc":{"start":{"line":80,"column":4},"end":{"line":80,"column":null}},"type":"if","locations":[{"start":{"line":80,"column":4},"end":{"line":80,"column":null}},{"start":{},"end":{}}]},"12":{"loc":{"start":{"line":80,"column":8},"end":{"line":80,"column":22}},"type":"binary-expr","locations":[{"start":{"line":80,"column":8},"end":{"line":80,"column":13}},{"start":{"line":80,"column":17},"end":{"line":80,"column":22}}]},"13":{"loc":{"start":{"line":95,"column":4},"end":{"line":95,"column":null}},"type":"if","locations":[{"start":{"line":95,"column":4},"end":{"line":95,"column":null}},{"start":{},"end":{}}]},"14":{"loc":{"start":{"line":96,"column":4},"end":{"line":96,"column":null}},"type":"if","locations":[{"start":{"line":96,"column":4},"end":{"line":96,"column":null}},{"start":{},"end":{}}]},"15":{"loc":{"start":{"line":98,"column":4},"end":{"line":100,"column":5}},"type":"if","locations":[{"start":{"line":98,"column":4},"end":{"line":100,"column":5}},{"start":{},"end":{}}]},"16":{"loc":{"start":{"line":109,"column":4},"end":{"line":109,"column":null}},"type":"if","locations":[{"start":{"line":109,"column":4},"end":{"line":109,"column":null}},{"start":{},"end":{}}]},"17":{"loc":{"start":{"line":124,"column":4},"end":{"line":124,"column":null}},"type":"if","locations":[{"start":{"line":124,"column":4},"end":{"line":124,"column":null}},{"start":{},"end":{}}]},"18":{"loc":{"start":{"line":143,"column":4},"end":{"line":143,"column":null}},"type":"if","locations":[{"start":{"line":143,"column":4},"end":{"line":143,"column":null}},{"start":{},"end":{}}]},"19":{"loc":{"start":{"line":145,"column":20},"end":{"line":145,"column":30}},"type":"binary-expr","locations":[{"start":{"line":145,"column":20},"end":{"line":145,"column":24}},{"start":{"line":145,"column":28},"end":{"line":145,"column":30}}]},"20":{"loc":{"start":{"line":148,"column":19},"end":{"line":148,"column":38}},"type":"binary-expr","locations":[{"start":{"line":148,"column":19},"end":{"line":148,"column":32}},{"start":{"line":148,"column":36},"end":{"line":148,"column":38}}]},"21":{"loc":{"start":{"line":149,"column":16},"end":{"line":149,"column":31}},"type":"binary-expr","locations":[{"start":{"line":149,"column":16},"end":{"line":149,"column":25}},{"start":{"line":149,"column":29},"end":{"line":149,"column":31}}]},"22":{"loc":{"start":{"line":151,"column":18},"end":{"line":151,"column":40}},"type":"binary-expr","locations":[{"start":{"line":151,"column":18},"end":{"line":151,"column":34}},{"start":{"line":151,"column":38},"end":{"line":151,"column":40}}]},"23":{"loc":{"start":{"line":168,"column":4},"end":{"line":168,"column":null}},"type":"if","locations":[{"start":{"line":168,"column":4},"end":{"line":168,"column":null}},{"start":{},"end":{}}]},"24":{"loc":{"start":{"line":196,"column":20},"end":{"line":196,"column":35}},"type":"binary-expr","locations":[{"start":{"line":196,"column":20},"end":{"line":196,"column":30}},{"start":{"line":196,"column":34},"end":{"line":196,"column":35}}]},"25":{"loc":{"start":{"line":197,"column":21},"end":{"line":197,"column":37}},"type":"binary-expr","locations":[{"start":{"line":197,"column":21},"end":{"line":197,"column":32}},{"start":{"line":197,"column":36},"end":{"line":197,"column":37}}]},"26":{"loc":{"start":{"line":198,"column":20},"end":{"line":198,"column":35}},"type":"binary-expr","locations":[{"start":{"line":198,"column":20},"end":{"line":198,"column":30}},{"start":{"line":198,"column":34},"end":{"line":198,"column":35}}]},"27":{"loc":{"start":{"line":199,"column":21},"end":{"line":199,"column":37}},"type":"binary-expr","locations":[{"start":{"line":199,"column":21},"end":{"line":199,"column":32}},{"start":{"line":199,"column":36},"end":{"line":199,"column":37}}]}},"s":{"0":1,"1":1,"2":1,"3":1,"4":1,"5":1,"6":4,"7":0,"8":4,"9":4,"10":4,"11":4,"12":0,"13":0,"14":0,"15":0,"16":0,"17":0,"18":0,"19":1,"20":1,"21":1,"22":1,"23":1,"24":0,"25":1,"26":24,"27":1,"28":38,"29":1,"30":0,"31":1,"32":0,"33":0,"34":0,"35":0,"36":0,"37":0,"38":0,"39":0,"40":1,"41":1,"42":1,"43":1,"44":1,"45":1,"46":1,"47":0,"48":1,"49":0,"50":1,"51":1,"52":0,"53":0,"54":0,"55":0,"56":0,"57":1,"58":0,"59":0,"60":0,"61":0,"62":0,"63":0,"64":0,"65":0,"66":1,"67":1,"68":1,"69":1,"70":1,"71":0,"72":1,"73":7,"74":1,"75":0,"76":1,"77":0,"78":0,"79":0,"80":0,"81":0,"82":0,"83":0,"84":0,"85":1,"86":1,"87":1,"88":1,"89":1,"90":0,"91":1},"f":{"0":4,"1":1,"2":24,"3":38,"4":0,"5":1,"6":0,"7":1,"8":7,"9":0,"10":1},"b":{"0":[0,4],"1":[4,4],"2":[4,0],"3":[0,0],"4":[0,1],"5":[1,0],"6":[24,0],"7":[1,0],"8":[38,17],"9":[38,0],"10":[38,38],"11":[0,0],"12":[0,0],"13":[0,1],"14":[0,1],"15":[1,0],"16":[0,0],"17":[0,0],"18":[0,1],"19":[1,0],"20":[7,0],"21":[7,0],"22":[7,0],"23":[0,0],"24":[1,0],"25":[1,0],"26":[1,0],"27":[1,1]}}
,"C:\\Users\\franc\\OneDrive\\Imágenes\\eMeet\\apps\\app-auth\\src\\app.ts": {"path":"C:\\Users\\franc\\OneDrive\\Imágenes\\eMeet\\apps\\app-auth\\src\\app.ts","statementMap":{"0":{"start":{"line":1,"column":0},"end":{"line":1,"column":23}},"1":{"start":{"line":2,"column":0},"end":{"line":2,"column":29}},"2":{"start":{"line":3,"column":0},"end":{"line":3,"column":27}},"3":{"start":{"line":4,"column":0},"end":{"line":4,"column":27}},"4":{"start":{"line":5,"column":0},"end":{"line":5,"column":37}},"5":{"start":{"line":6,"column":0},"end":{"line":6,"column":48}},"6":{"start":{"line":8,"column":12},"end":{"line":8,"column":21}},"7":{"start":{"line":10,"column":23},"end":{"line":17,"column":2}},"8":{"start":{"line":19,"column":38},"end":{"line":28,"column":null}},"9":{"start":{"line":21,"column":4},"end":{"line":21,"column":null}},"10":{"start":{"line":21,"column":17},"end":{"line":21,"column":null}},"11":{"start":{"line":22,"column":4},"end":{"line":22,"column":null}},"12":{"start":{"line":22,"column":36},"end":{"line":22,"column":null}},"13":{"start":{"line":23,"column":4},"end":{"line":23,"column":null}},"14":{"start":{"line":30,"column":0},"end":{"line":30,"column":null}},"15":{"start":{"line":31,"column":0},"end":{"line":31,"column":null}},"16":{"start":{"line":32,"column":0},"end":{"line":32,"column":null}},"17":{"start":{"line":33,"column":0},"end":{"line":33,"column":null}},"18":{"start":{"line":34,"column":0},"end":{"line":34,"column":null}},"19":{"start":{"line":36,"column":0},"end":{"line":38,"column":null}},"20":{"start":{"line":37,"column":2},"end":{"line":37,"column":null}},"21":{"start":{"line":40,"column":0},"end":{"line":40,"column":null}},"22":{"start":{"line":42,"column":0},"end":{"line":42,"column":null}}},"fnMap":{"0":{"name":"(anonymous_1)","decl":{"start":{"line":20,"column":10},"end":{"line":20,"column":11}},"loc":{"start":{"line":20,"column":31},"end":{"line":24,"column":3}}},"1":{"name":"(anonymous_2)","decl":{"start":{"line":36,"column":19},"end":{"line":36,"column":20}},"loc":{"start":{"line":36,"column":33},"end":{"line":38,"column":1}}}},"branchMap":{"0":{"loc":{"start":{"line":21,"column":4},"end":{"line":21,"column":null}},"type":"if","locations":[{"start":{"line":21,"column":4},"end":{"line":21,"column":null}},{"start":{},"end":{}}]},"1":{"loc":{"start":{"line":22,"column":4},"end":{"line":22,"column":null}},"type":"if","locations":[{"start":{"line":22,"column":4},"end":{"line":22,"column":null}},{"start":{},"end":{}}]}},"s":{"0":1,"1":1,"2":1,"3":1,"4":1,"5":1,"6":1,"7":1,"8":1,"9":10,"10":10,"11":0,"12":0,"13":0,"14":1,"15":1,"16":1,"17":1,"18":1,"19":1,"20":0,"21":1,"22":1},"f":{"0":10,"1":0},"b":{"0":[10,0],"1":[0,0]}}
,"C:\\Users\\franc\\OneDrive\\Imágenes\\eMeet\\apps\\app-auth\\src\\config\\env.ts": {"path":"C:\\Users\\franc\\OneDrive\\Imágenes\\eMeet\\apps\\app-auth\\src\\config\\env.ts","statementMap":{"0":{"start":{"line":1,"column":0},"end":{"line":1,"column":22}},"1":{"start":{"line":4,"column":16},"end":{"line":4,"column":33}},"2":{"start":{"line":5,"column":2},"end":{"line":5,"column":null}},"3":{"start":{"line":5,"column":14},"end":{"line":5,"column":null}},"4":{"start":{"line":6,"column":2},"end":{"line":6,"column":null}},"5":{"start":{"line":10,"column":2},"end":{"line":13,"column":3}},"6":{"start":{"line":11,"column":18},"end":{"line":11,"column":43}},"7":{"start":{"line":12,"column":4},"end":{"line":12,"column":null}},"8":{"start":{"line":12,"column":15},"end":{"line":12,"column":null}},"9":{"start":{"line":14,"column":2},"end":{"line":14,"column":null}},"10":{"start":{"line":18,"column":2},"end":{"line":18,"column":null}},"11":{"start":{"line":22,"column":2},"end":{"line":22,"column":null}},"12":{"start":{"line":22,"column":12},"end":{"line":22,"column":null}},"13":{"start":{"line":23,"column":2},"end":{"line":23,"column":null}},"14":{"start":{"line":26,"column":30},"end":{"line":32,"column":null}},"15":{"start":{"line":35,"column":22},"end":{"line":35,"column":101}},"16":{"start":{"line":37,"column":26},"end":{"line":37,"column":68}},"17":{"start":{"line":38,"column":24},"end":{"line":39,"column":null}},"18":{"start":{"line":42,"column":13},"end":{"line":49,"column":null}}},"fnMap":{"0":{"name":"requireEnv","decl":{"start":{"line":3,"column":9},"end":{"line":3,"column":19}},"loc":{"start":{"line":3,"column":32},"end":{"line":7,"column":1}}},"1":{"name":"requireEnvAny","decl":{"start":{"line":9,"column":9},"end":{"line":9,"column":22}},"loc":{"start":{"line":9,"column":38},"end":{"line":15,"column":1}}},"2":{"name":"normalizeOrigin","decl":{"start":{"line":17,"column":9},"end":{"line":17,"column":24}},"loc":{"start":{"line":17,"column":34},"end":{"line":19,"column":1}}},"3":{"name":"parseOrigins","decl":{"start":{"line":21,"column":9},"end":{"line":21,"column":21}},"loc":{"start":{"line":21,"column":34},"end":{"line":24,"column":1}}}},"branchMap":{"0":{"loc":{"start":{"line":5,"column":2},"end":{"line":5,"column":null}},"type":"if","locations":[{"start":{"line":5,"column":2},"end":{"line":5,"column":null}},{"start":{},"end":{}}]},"1":{"loc":{"start":{"line":12,"column":4},"end":{"line":12,"column":null}},"type":"if","locations":[{"start":{"line":12,"column":4},"end":{"line":12,"column":null}},{"start":{},"end":{}}]},"2":{"loc":{"start":{"line":22,"column":2},"end":{"line":22,"column":null}},"type":"if","locations":[{"start":{"line":22,"column":2},"end":{"line":22,"column":null}},{"start":{},"end":{}}]},"3":{"loc":{"start":{"line":27,"column":2},"end":{"line":32,"column":25}},"type":"binary-expr","locations":[{"start":{"line":27,"column":2},"end":{"line":27,"column":37}},{"start":{"line":28,"column":2},"end":{"line":28,"column":34}},{"start":{"line":29,"column":3},"end":{"line":31,"column":15}},{"start":{"line":32,"column":2},"end":{"line":32,"column":25}}]},"4":{"loc":{"start":{"line":29,"column":3},"end":{"line":31,"column":15}},"type":"cond-expr","locations":[{"start":{"line":30,"column":6},"end":{"line":30,"column":67}},{"start":{"line":31,"column":6},"end":{"line":31,"column":15}}]},"5":{"loc":{"start":{"line":35,"column":22},"end":{"line":35,"column":101}},"type":"cond-expr","locations":[{"start":{"line":35,"column":47},"end":{"line":35,"column":89}},{"start":{"line":35,"column":92},"end":{"line":35,"column":101}}]},"6":{"loc":{"start":{"line":43,"column":15},"end":{"line":43,"column":39}},"type":"binary-expr","locations":[{"start":{"line":43,"column":15},"end":{"line":43,"column":31}},{"start":{"line":43,"column":35},"end":{"line":43,"column":39}}]}},"s":{"0":1,"1":1,"2":1,"3":0,"4":1,"5":2,"6":2,"7":2,"8":2,"9":0,"10":2,"11":1,"12":0,"13":1,"14":1,"15":1,"16":1,"17":1,"18":1},"f":{"0":1,"1":2,"2":2,"3":1},"b":{"0":[0,1],"1":[2,0],"2":[0,1],"3":[1,0,0,0],"4":[0,0],"5":[0,1],"6":[1,0]}}
,"C:\\Users\\franc\\OneDrive\\Imágenes\\eMeet\\apps\\app-auth\\src\\lib\\supabase.ts": {"path":"C:\\Users\\franc\\OneDrive\\Imágenes\\eMeet\\apps\\app-auth\\src\\lib\\supabase.ts","statementMap":{"0":{"start":{"line":3,"column":0},"end":{"line":3,"column":16}},"1":{"start":{"line":14,"column":0},"end":{"line":14,"column":16}},"2":{"start":{"line":1,"column":0},"end":{"line":1,"column":52}},"3":{"start":{"line":4,"column":14},"end":{"line":4,"column":39}},"4":{"start":{"line":5,"column":14},"end":{"line":5,"column":44}},"5":{"start":{"line":7,"column":2},"end":{"line":11,"column":null}},"6":{"start":{"line":15,"column":2},"end":{"line":17,"column":null}}},"fnMap":{"0":{"name":"createAnonClient","decl":{"start":{"line":3,"column":16},"end":{"line":3,"column":32}},"loc":{"start":{"line":3,"column":51},"end":{"line":12,"column":1}}},"1":{"name":"createServiceRoleClient","decl":{"start":{"line":14,"column":16},"end":{"line":14,"column":39}},"loc":{"start":{"line":14,"column":39},"end":{"line":18,"column":1}}}},"branchMap":{"0":{"loc":{"start":{"line":10,"column":4},"end":{"line":10,"column":93}},"type":"cond-expr","locations":[{"start":{"line":10,"column":16},"end":{"line":10,"column":81}},{"start":{"line":10,"column":84},"end":{"line":10,"column":93}}]}},"s":{"0":1,"1":1,"2":1,"3":6,"4":6,"5":6,"6":0},"f":{"0":6,"1":0},"b":{"0":[2,4]}}
,"C:\\Users\\franc\\OneDrive\\Imágenes\\eMeet\\apps\\app-auth\\src\\routes\\auth.routes.ts": {"path":"C:\\Users\\franc\\OneDrive\\Imágenes\\eMeet\\apps\\app-auth\\src\\routes\\auth.routes.ts","statementMap":{"0":{"start":{"line":1,"column":0},"end":{"line":1,"column":32}},"1":{"start":{"line":2,"column":0},"end":{"line":2,"column":38}},"2":{"start":{"line":3,"column":0},"end":{"line":3,"column":78}},"3":{"start":{"line":4,"column":0},"end":{"line":4,"column":58}},"4":{"start":{"line":6,"column":15},"end":{"line":6,"column":23}},"5":{"start":{"line":8,"column":0},"end":{"line":26,"column":null}},"6":{"start":{"line":9,"column":30},"end":{"line":9,"column":79}},"7":{"start":{"line":11,"column":2},"end":{"line":13,"column":3}},"8":{"start":{"line":12,"column":4},"end":{"line":12,"column":null}},"9":{"start":{"line":15,"column":19},"end":{"line":15,"column":37}},"10":{"start":{"line":16,"column":26},"end":{"line":16,"column":85}},"11":{"start":{"line":18,"column":2},"end":{"line":23,"column":3}},"12":{"start":{"line":19,"column":4},"end":{"line":21,"column":5}},"13":{"start":{"line":20,"column":6},"end":{"line":20,"column":null}},"14":{"start":{"line":22,"column":4},"end":{"line":22,"column":null}},"15":{"start":{"line":25,"column":2},"end":{"line":25,"column":null}},"16":{"start":{"line":28,"column":0},"end":{"line":88,"column":null}},"17":{"start":{"line":29,"column":74},"end":{"line":29,"column":null}},"18":{"start":{"line":38,"column":2},"end":{"line":40,"column":3}},"19":{"start":{"line":39,"column":4},"end":{"line":39,"column":null}},"20":{"start":{"line":42,"column":2},"end":{"line":44,"column":3}},"21":{"start":{"line":43,"column":4},"end":{"line":43,"column":null}},"22":{"start":{"line":46,"column":19},"end":{"line":46,"column":37}},"23":{"start":{"line":47,"column":26},"end":{"line":58,"column":4}},"24":{"start":{"line":60,"column":2},"end":{"line":62,"column":3}},"25":{"start":{"line":61,"column":4},"end":{"line":61,"column":null}},"26":{"start":{"line":65,"column":2},"end":{"line":85,"column":3}},"27":{"start":{"line":66,"column":27},"end":{"line":66,"column":41}},"28":{"start":{"line":67,"column":52},"end":{"line":75,"column":null}},"29":{"start":{"line":77,"column":24},"end":{"line":77,"column":49}},"30":{"start":{"line":78,"column":36},"end":{"line":80,"column":51}},"31":{"start":{"line":82,"column":4},"end":{"line":84,"column":5}},"32":{"start":{"line":83,"column":6},"end":{"line":83,"column":null}},"33":{"start":{"line":87,"column":2},"end":{"line":87,"column":null}},"34":{"start":{"line":90,"column":0},"end":{"line":102,"column":null}},"35":{"start":{"line":91,"column":18},"end":{"line":91,"column":43}},"36":{"start":{"line":92,"column":16},"end":{"line":92,"column":77}},"37":{"start":{"line":94,"column":19},"end":{"line":94,"column":42}},"38":{"start":{"line":95,"column":20},"end":{"line":95,"column":49}},"39":{"start":{"line":97,"column":2},"end":{"line":99,"column":3}},"40":{"start":{"line":98,"column":4},"end":{"line":98,"column":null}},"41":{"start":{"line":101,"column":2},"end":{"line":101,"column":null}},"42":{"start":{"line":104,"column":0},"end":{"line":120,"column":null}},"43":{"start":{"line":105,"column":18},"end":{"line":105,"column":43}},"44":{"start":{"line":106,"column":16},"end":{"line":106,"column":77}},"45":{"start":{"line":108,"column":2},"end":{"line":110,"column":3}},"46":{"start":{"line":109,"column":4},"end":{"line":109,"column":null}},"47":{"start":{"line":112,"column":19},"end":{"line":112,"column":42}},"48":{"start":{"line":113,"column":26},"end":{"line":113,"column":55}},"49":{"start":{"line":115,"column":2},"end":{"line":117,"column":3}},"50":{"start":{"line":116,"column":4},"end":{"line":116,"column":null}},"51":{"start":{"line":119,"column":2},"end":{"line":119,"column":null}},"52":{"start":{"line":122,"column":0},"end":{"line":179,"column":null}},"53":{"start":{"line":123,"column":54},"end":{"line":123,"column":63}},"54":{"start":{"line":124,"column":24},"end":{"line":124,"column":41}},"55":{"start":{"line":126,"column":4},"end":{"line":128,"column":27}},"56":{"start":{"line":133,"column":7},"end":{"line":135,"column":12}},"57":{"start":{"line":137,"column":4},"end":{"line":137,"column":null}},"58":{"start":{"line":137,"column":30},"end":{"line":137,"column":null}},"59":{"start":{"line":138,"column":4},"end":{"line":138,"column":null}},"60":{"start":{"line":138,"column":26},"end":{"line":138,"column":null}},"61":{"start":{"line":139,"column":4},"end":{"line":139,"column":null}},"62":{"start":{"line":142,"column":2},"end":{"line":178,"column":3}},"63":{"start":{"line":143,"column":21},"end":{"line":143,"column":39}},"64":{"start":{"line":146,"column":4},"end":{"line":156,"column":5}},"65":{"start":{"line":147,"column":30},"end":{"line":147,"column":88}},"66":{"start":{"line":148,"column":6},"end":{"line":150,"column":7}},"67":{"start":{"line":149,"column":8},"end":{"line":149,"column":null}},"68":{"start":{"line":152,"column":27},"end":{"line":152,"column":54}},"69":{"start":{"line":153,"column":6},"end":{"line":155,"column":null}},"70":{"start":{"line":159,"column":4},"end":{"line":172,"column":5}},"71":{"start":{"line":160,"column":30},"end":{"line":163,"column":8}},"72":{"start":{"line":164,"column":6},"end":{"line":166,"column":7}},"73":{"start":{"line":165,"column":8},"end":{"line":165,"column":null}},"74":{"start":{"line":168,"column":27},"end":{"line":168,"column":54}},"75":{"start":{"line":169,"column":6},"end":{"line":171,"column":null}},"76":{"start":{"line":174,"column":4},"end":{"line":174,"column":null}},"77":{"start":{"line":176,"column":4},"end":{"line":176,"column":null}},"78":{"start":{"line":177,"column":4},"end":{"line":177,"column":null}},"79":{"start":{"line":181,"column":0},"end":{"line":181,"column":null}}},"fnMap":{"0":{"name":"(anonymous_0)","decl":{"start":{"line":8,"column":22},"end":{"line":8,"column":27}},"loc":{"start":{"line":8,"column":41},"end":{"line":26,"column":1}}},"1":{"name":"(anonymous_1)","decl":{"start":{"line":28,"column":25},"end":{"line":28,"column":30}},"loc":{"start":{"line":28,"column":44},"end":{"line":88,"column":1}}},"2":{"name":"(anonymous_2)","decl":{"start":{"line":90,"column":23},"end":{"line":90,"column":28}},"loc":{"start":{"line":90,"column":42},"end":{"line":102,"column":1}}},"3":{"name":"(anonymous_3)","decl":{"start":{"line":104,"column":23},"end":{"line":104,"column":28}},"loc":{"start":{"line":104,"column":42},"end":{"line":120,"column":1}}},"4":{"name":"(anonymous_4)","decl":{"start":{"line":122,"column":24},"end":{"line":122,"column":29}},"loc":{"start":{"line":122,"column":43},"end":{"line":179,"column":1}}},"5":{"name":"roleRedirectPath","decl":{"start":{"line":131,"column":11},"end":{"line":131,"column":27}},"loc":{"start":{"line":131,"column":37},"end":{"line":140,"column":3}}}},"branchMap":{"0":{"loc":{"start":{"line":11,"column":2},"end":{"line":13,"column":3}},"type":"if","locations":[{"start":{"line":11,"column":2},"end":{"line":13,"column":3}},{"start":{},"end":{}}]},"1":{"loc":{"start":{"line":11,"column":6},"end":{"line":11,"column":25}},"type":"binary-expr","locations":[{"start":{"line":11,"column":6},"end":{"line":11,"column":12}},{"start":{"line":11,"column":16},"end":{"line":11,"column":25}}]},"2":{"loc":{"start":{"line":18,"column":2},"end":{"line":23,"column":3}},"type":"if","locations":[{"start":{"line":18,"column":2},"end":{"line":23,"column":3}},{"start":{},"end":{}}]},"3":{"loc":{"start":{"line":19,"column":4},"end":{"line":21,"column":5}},"type":"if","locations":[{"start":{"line":19,"column":4},"end":{"line":21,"column":5}},{"start":{},"end":{}}]},"4":{"loc":{"start":{"line":38,"column":2},"end":{"line":40,"column":3}},"type":"if","locations":[{"start":{"line":38,"column":2},"end":{"line":40,"column":3}},{"start":{},"end":{}}]},"5":{"loc":{"start":{"line":38,"column":6},"end":{"line":38,"column":34}},"type":"binary-expr","locations":[{"start":{"line":38,"column":6},"end":{"line":38,"column":11}},{"start":{"line":38,"column":15},"end":{"line":38,"column":21}},{"start":{"line":38,"column":25},"end":{"line":38,"column":34}}]},"6":{"loc":{"start":{"line":42,"column":2},"end":{"line":44,"column":3}},"type":"if","locations":[{"start":{"line":42,"column":2},"end":{"line":44,"column":3}},{"start":{},"end":{}}]},"7":{"loc":{"start":{"line":53,"column":14},"end":{"line":53,"column":28}},"type":"binary-expr","locations":[{"start":{"line":53,"column":14},"end":{"line":53,"column":18}},{"start":{"line":53,"column":22},"end":{"line":53,"column":28}}]},"8":{"loc":{"start":{"line":54,"column":23},"end":{"line":54,"column":43}},"type":"binary-expr","locations":[{"start":{"line":54,"column":23},"end":{"line":54,"column":35}},{"start":{"line":54,"column":39},"end":{"line":54,"column":43}}]},"9":{"loc":{"start":{"line":55,"column":27},"end":{"line":55,"column":51}},"type":"binary-expr","locations":[{"start":{"line":55,"column":27},"end":{"line":55,"column":43}},{"start":{"line":55,"column":47},"end":{"line":55,"column":51}}]},"10":{"loc":{"start":{"line":60,"column":2},"end":{"line":62,"column":3}},"type":"if","locations":[{"start":{"line":60,"column":2},"end":{"line":62,"column":3}},{"start":{},"end":{}}]},"11":{"loc":{"start":{"line":65,"column":2},"end":{"line":85,"column":3}},"type":"if","locations":[{"start":{"line":65,"column":2},"end":{"line":85,"column":3}},{"start":{},"end":{}}]},"12":{"loc":{"start":{"line":66,"column":27},"end":{"line":66,"column":41}},"type":"binary-expr","locations":[{"start":{"line":66,"column":27},"end":{"line":66,"column":31}},{"start":{"line":66,"column":35},"end":{"line":66,"column":41}}]},"13":{"loc":{"start":{"line":71,"column":16},"end":{"line":71,"column":115}},"type":"cond-expr","locations":[{"start":{"line":71,"column":49},"end":{"line":71,"column":94}},{"start":{"line":71,"column":98},"end":{"line":71,"column":115}}]},"14":{"loc":{"start":{"line":71,"column":49},"end":{"line":71,"column":94}},"type":"binary-expr","locations":[{"start":{"line":71,"column":49},"end":{"line":71,"column":73}},{"start":{"line":71,"column":77},"end":{"line":71,"column":94}}]},"15":{"loc":{"start":{"line":73,"column":21},"end":{"line":73,"column":90}},"type":"cond-expr","locations":[{"start":{"line":73,"column":54},"end":{"line":73,"column":82}},{"start":{"line":73,"column":86},"end":{"line":73,"column":90}}]},"16":{"loc":{"start":{"line":73,"column":54},"end":{"line":73,"column":82}},"type":"binary-expr","locations":[{"start":{"line":73,"column":54},"end":{"line":73,"column":74}},{"start":{"line":73,"column":78},"end":{"line":73,"column":82}}]},"17":{"loc":{"start":{"line":74,"column":25},"end":{"line":74,"column":98}},"type":"cond-expr","locations":[{"start":{"line":74,"column":58},"end":{"line":74,"column":90}},{"start":{"line":74,"column":94},"end":{"line":74,"column":98}}]},"18":{"loc":{"start":{"line":74,"column":58},"end":{"line":74,"column":90}},"type":"binary-expr","locations":[{"start":{"line":74,"column":58},"end":{"line":74,"column":82}},{"start":{"line":74,"column":86},"end":{"line":74,"column":90}}]},"19":{"loc":{"start":{"line":82,"column":4},"end":{"line":84,"column":5}},"type":"if","locations":[{"start":{"line":82,"column":4},"end":{"line":84,"column":5}},{"start":{},"end":{}}]},"20":{"loc":{"start":{"line":92,"column":16},"end":{"line":92,"column":77}},"type":"cond-expr","locations":[{"start":{"line":92,"column":49},"end":{"line":92,"column":65}},{"start":{"line":92,"column":68},"end":{"line":92,"column":77}}]},"21":{"loc":{"start":{"line":97,"column":2},"end":{"line":99,"column":3}},"type":"if","locations":[{"start":{"line":97,"column":2},"end":{"line":99,"column":3}},{"start":{},"end":{}}]},"22":{"loc":{"start":{"line":106,"column":16},"end":{"line":106,"column":77}},"type":"cond-expr","locations":[{"start":{"line":106,"column":49},"end":{"line":106,"column":65}},{"start":{"line":106,"column":68},"end":{"line":106,"column":77}}]},"23":{"loc":{"start":{"line":108,"column":2},"end":{"line":110,"column":3}},"type":"if","locations":[{"start":{"line":108,"column":2},"end":{"line":110,"column":3}},{"start":{},"end":{}}]},"24":{"loc":{"start":{"line":115,"column":2},"end":{"line":117,"column":3}},"type":"if","locations":[{"start":{"line":115,"column":2},"end":{"line":117,"column":3}},{"start":{},"end":{}}]},"25":{"loc":{"start":{"line":115,"column":6},"end":{"line":115,"column":25}},"type":"binary-expr","locations":[{"start":{"line":115,"column":6},"end":{"line":115,"column":11}},{"start":{"line":115,"column":15},"end":{"line":115,"column":25}}]},"26":{"loc":{"start":{"line":126,"column":4},"end":{"line":128,"column":27}},"type":"cond-expr","locations":[{"start":{"line":127,"column":8},"end":{"line":127,"column":21}},{"start":{"line":128,"column":8},"end":{"line":128,"column":27}}]},"27":{"loc":{"start":{"line":126,"column":4},"end":{"line":126,"column":65}},"type":"binary-expr","locations":[{"start":{"line":126,"column":4},"end":{"line":126,"column":17}},{"start":{"line":126,"column":21},"end":{"line":126,"column":65}}]},"28":{"loc":{"start":{"line":133,"column":7},"end":{"line":135,"column":12}},"type":"binary-expr","locations":[{"start":{"line":133,"column":7},"end":{"line":133,"column":53}},{"start":{"line":134,"column":7},"end":{"line":134,"column":54}},{"start":{"line":135,"column":6},"end":{"line":135,"column":12}}]},"29":{"loc":{"start":{"line":137,"column":4},"end":{"line":137,"column":null}},"type":"if","locations":[{"start":{"line":137,"column":4},"end":{"line":137,"column":null}},{"start":{},"end":{}}]},"30":{"loc":{"start":{"line":138,"column":4},"end":{"line":138,"column":null}},"type":"if","locations":[{"start":{"line":138,"column":4},"end":{"line":138,"column":null}},{"start":{},"end":{}}]},"31":{"loc":{"start":{"line":146,"column":4},"end":{"line":156,"column":5}},"type":"if","locations":[{"start":{"line":146,"column":4},"end":{"line":156,"column":5}},{"start":{},"end":{}}]},"32":{"loc":{"start":{"line":148,"column":6},"end":{"line":150,"column":7}},"type":"if","locations":[{"start":{"line":148,"column":6},"end":{"line":150,"column":7}},{"start":{},"end":{}}]},"33":{"loc":{"start":{"line":148,"column":10},"end":{"line":148,"column":29}},"type":"binary-expr","locations":[{"start":{"line":148,"column":10},"end":{"line":148,"column":15}},{"start":{"line":148,"column":19},"end":{"line":148,"column":29}}]},"34":{"loc":{"start":{"line":154,"column":73},"end":{"line":154,"column":105}},"type":"binary-expr","locations":[{"start":{"line":154,"column":73},"end":{"line":154,"column":99}},{"start":{"line":154,"column":103},"end":{"line":154,"column":105}}]},"35":{"loc":{"start":{"line":154,"column":143},"end":{"line":154,"column":176}},"type":"binary-expr","locations":[{"start":{"line":154,"column":143},"end":{"line":154,"column":170}},{"start":{"line":154,"column":174},"end":{"line":154,"column":176}}]},"36":{"loc":{"start":{"line":159,"column":4},"end":{"line":172,"column":5}},"type":"if","locations":[{"start":{"line":159,"column":4},"end":{"line":172,"column":5}},{"start":{},"end":{}}]},"37":{"loc":{"start":{"line":159,"column":8},"end":{"line":159,"column":25}},"type":"binary-expr","locations":[{"start":{"line":159,"column":8},"end":{"line":159,"column":17}},{"start":{"line":159,"column":21},"end":{"line":159,"column":25}}]},"38":{"loc":{"start":{"line":164,"column":6},"end":{"line":166,"column":7}},"type":"if","locations":[{"start":{"line":164,"column":6},"end":{"line":166,"column":7}},{"start":{},"end":{}}]},"39":{"loc":{"start":{"line":164,"column":10},"end":{"line":164,"column":29}},"type":"binary-expr","locations":[{"start":{"line":164,"column":10},"end":{"line":164,"column":15}},{"start":{"line":164,"column":19},"end":{"line":164,"column":29}}]},"40":{"loc":{"start":{"line":170,"column":73},"end":{"line":170,"column":105}},"type":"binary-expr","locations":[{"start":{"line":170,"column":73},"end":{"line":170,"column":99}},{"start":{"line":170,"column":103},"end":{"line":170,"column":105}}]},"41":{"loc":{"start":{"line":170,"column":143},"end":{"line":170,"column":176}},"type":"binary-expr","locations":[{"start":{"line":170,"column":143},"end":{"line":170,"column":170}},{"start":{"line":170,"column":174},"end":{"line":170,"column":176}}]}},"s":{"0":1,"1":1,"2":1,"3":1,"4":1,"5":1,"6":5,"7":5,"8":1,"9":4,"10":4,"11":4,"12":1,"13":0,"14":1,"15":3,"16":1,"17":2,"18":2,"19":1,"20":1,"21":1,"22":0,"23":0,"24":0,"25":0,"26":0,"27":0,"28":0,"29":0,"30":0,"31":0,"32":0,"33":0,"34":1,"35":1,"36":1,"37":1,"38":1,"39":1,"40":0,"41":1,"42":1,"43":2,"44":2,"45":2,"46":1,"47":1,"48":1,"49":1,"50":0,"51":1,"52":1,"53":0,"54":0,"55":0,"56":0,"57":0,"58":0,"59":0,"60":0,"61":0,"62":0,"63":0,"64":0,"65":0,"66":0,"67":0,"68":0,"69":0,"70":0,"71":0,"72":0,"73":0,"74":0,"75":0,"76":0,"77":0,"78":0,"79":1},"f":{"0":5,"1":2,"2":1,"3":2,"4":0,"5":0},"b":{"0":[1,4],"1":[5,4],"2":[1,3],"3":[0,1],"4":[1,1],"5":[2,1,1],"6":[1,0],"7":[0,0],"8":[0,0],"9":[0,0],"10":[0,0],"11":[0,0],"12":[0,0],"13":[0,0],"14":[0,0],"15":[0,0],"16":[0,0],"17":[0,0],"18":[0,0],"19":[0,0],"20":[1,0],"21":[0,1],"22":[1,1],"23":[1,1],"24":[0,1],"25":[1,1],"26":[0,0],"27":[0,0],"28":[0,0,0],"29":[0,0],"30":[0,0],"31":[0,0],"32":[0,0],"33":[0,0],"34":[0,0],"35":[0,0],"36":[0,0],"37":[0,0],"38":[0,0],"39":[0,0],"40":[0,0],"41":[0,0]}}
,"C:\\Users\\franc\\OneDrive\\Imágenes\\eMeet\\apps\\app-auth\\src\\utils\\http.ts": {"path":"C:\\Users\\franc\\OneDrive\\Imágenes\\eMeet\\apps\\app-auth\\src\\utils\\http.ts","statementMap":{"0":{"start":{"line":3,"column":0},"end":{"line":3,"column":16}},"1":{"start":{"line":7,"column":0},"end":{"line":7,"column":16}},"2":{"start":{"line":4,"column":2},"end":{"line":4,"column":null}},"3":{"start":{"line":8,"column":2},"end":{"line":8,"column":null}}},"fnMap":{"0":{"name":"badRequest","decl":{"start":{"line":3,"column":16},"end":{"line":3,"column":26}},"loc":{"start":{"line":3,"column":57},"end":{"line":5,"column":1}}},"1":{"name":"serverError","decl":{"start":{"line":7,"column":16},"end":{"line":7,"column":27}},"loc":{"start":{"line":7,"column":81},"end":{"line":9,"column":1}}}},"branchMap":{"0":{"loc":{"start":{"line":7,"column":43},"end":{"line":7,"column":81}},"type":"default-arg","locations":[{"start":{"line":7,"column":53},"end":{"line":7,"column":81}}]}},"s":{"0":1,"1":1,"2":4,"3":0},"f":{"0":4,"1":0},"b":{"0":[0]}}
,"C:\\Users\\franc\\OneDrive\\Imágenes\\eMeet\\apps\\app-chat\\src\\app.ts": {"path":"C:\\Users\\franc\\OneDrive\\Imágenes\\eMeet\\apps\\app-chat\\src\\app.ts","statementMap":{"0":{"start":{"line":1,"column":0},"end":{"line":1,"column":23}},"1":{"start":{"line":2,"column":0},"end":{"line":2,"column":29}},"2":{"start":{"line":3,"column":0},"end":{"line":3,"column":27}},"3":{"start":{"line":4,"column":0},"end":{"line":4,"column":27}},"4":{"start":{"line":5,"column":0},"end":{"line":5,"column":37}},"5":{"start":{"line":6,"column":0},"end":{"line":6,"column":48}},"6":{"start":{"line":8,"column":12},"end":{"line":8,"column":21}},"7":{"start":{"line":10,"column":23},"end":{"line":17,"column":2}},"8":{"start":{"line":19,"column":38},"end":{"line":28,"column":null}},"9":{"start":{"line":21,"column":4},"end":{"line":21,"column":null}},"10":{"start":{"line":21,"column":17},"end":{"line":21,"column":null}},"11":{"start":{"line":22,"column":4},"end":{"line":22,"column":null}},"12":{"start":{"line":22,"column":36},"end":{"line":22,"column":null}},"13":{"start":{"line":23,"column":4},"end":{"line":23,"column":null}},"14":{"start":{"line":30,"column":0},"end":{"line":30,"column":null}},"15":{"start":{"line":31,"column":0},"end":{"line":31,"column":null}},"16":{"start":{"line":32,"column":0},"end":{"line":32,"column":null}},"17":{"start":{"line":33,"column":0},"end":{"line":33,"column":null}},"18":{"start":{"line":34,"column":0},"end":{"line":34,"column":null}},"19":{"start":{"line":36,"column":0},"end":{"line":38,"column":null}},"20":{"start":{"line":37,"column":2},"end":{"line":37,"column":null}},"21":{"start":{"line":40,"column":0},"end":{"line":40,"column":null}},"22":{"start":{"line":42,"column":0},"end":{"line":42,"column":null}}},"fnMap":{"0":{"name":"(anonymous_1)","decl":{"start":{"line":20,"column":10},"end":{"line":20,"column":11}},"loc":{"start":{"line":20,"column":31},"end":{"line":24,"column":3}}},"1":{"name":"(anonymous_2)","decl":{"start":{"line":36,"column":19},"end":{"line":36,"column":20}},"loc":{"start":{"line":36,"column":33},"end":{"line":38,"column":1}}}},"branchMap":{"0":{"loc":{"start":{"line":21,"column":4},"end":{"line":21,"column":null}},"type":"if","locations":[{"start":{"line":21,"column":4},"end":{"line":21,"column":null}},{"start":{},"end":{}}]},"1":{"loc":{"start":{"line":22,"column":4},"end":{"line":22,"column":null}},"type":"if","locations":[{"start":{"line":22,"column":4},"end":{"line":22,"column":null}},{"start":{},"end":{}}]}},"s":{"0":1,"1":1,"2":1,"3":1,"4":1,"5":1,"6":1,"7":1,"8":1,"9":0,"10":0,"11":0,"12":0,"13":0,"14":1,"15":1,"16":1,"17":1,"18":1,"19":1,"20":0,"21":1,"22":1},"f":{"0":0,"1":0},"b":{"0":[0,0],"1":[0,0]}}
,"C:\\Users\\franc\\OneDrive\\Imágenes\\eMeet\\apps\\app-chat\\src\\config\\env.ts": {"path":"C:\\Users\\franc\\OneDrive\\Imágenes\\eMeet\\apps\\app-chat\\src\\config\\env.ts","statementMap":{"0":{"start":{"line":1,"column":0},"end":{"line":1,"column":22}},"1":{"start":{"line":4,"column":16},"end":{"line":4,"column":33}},"2":{"start":{"line":5,"column":2},"end":{"line":5,"column":null}},"3":{"start":{"line":5,"column":14},"end":{"line":5,"column":null}},"4":{"start":{"line":6,"column":2},"end":{"line":6,"column":null}},"5":{"start":{"line":10,"column":2},"end":{"line":13,"column":3}},"6":{"start":{"line":11,"column":18},"end":{"line":11,"column":43}},"7":{"start":{"line":12,"column":4},"end":{"line":12,"column":null}},"8":{"start":{"line":12,"column":15},"end":{"line":12,"column":null}},"9":{"start":{"line":14,"column":2},"end":{"line":14,"column":null}},"10":{"start":{"line":18,"column":2},"end":{"line":18,"column":null}},"11":{"start":{"line":22,"column":2},"end":{"line":22,"column":null}},"12":{"start":{"line":22,"column":12},"end":{"line":22,"column":null}},"13":{"start":{"line":23,"column":2},"end":{"line":23,"column":null}},"14":{"start":{"line":26,"column":22},"end":{"line":31,"column":null}},"15":{"start":{"line":34,"column":22},"end":{"line":34,"column":101}},"16":{"start":{"line":36,"column":13},"end":{"line":45,"column":null}}},"fnMap":{"0":{"name":"requireEnv","decl":{"start":{"line":3,"column":9},"end":{"line":3,"column":19}},"loc":{"start":{"line":3,"column":32},"end":{"line":7,"column":1}}},"1":{"name":"requireEnvAny","decl":{"start":{"line":9,"column":9},"end":{"line":9,"column":22}},"loc":{"start":{"line":9,"column":38},"end":{"line":15,"column":1}}},"2":{"name":"normalizeOrigin","decl":{"start":{"line":17,"column":9},"end":{"line":17,"column":24}},"loc":{"start":{"line":17,"column":34},"end":{"line":19,"column":1}}},"3":{"name":"parseOrigins","decl":{"start":{"line":21,"column":9},"end":{"line":21,"column":21}},"loc":{"start":{"line":21,"column":34},"end":{"line":24,"column":1}}}},"branchMap":{"0":{"loc":{"start":{"line":5,"column":2},"end":{"line":5,"column":null}},"type":"if","locations":[{"start":{"line":5,"column":2},"end":{"line":5,"column":null}},{"start":{},"end":{}}]},"1":{"loc":{"start":{"line":12,"column":4},"end":{"line":12,"column":null}},"type":"if","locations":[{"start":{"line":12,"column":4},"end":{"line":12,"column":null}},{"start":{},"end":{}}]},"2":{"loc":{"start":{"line":22,"column":2},"end":{"line":22,"column":null}},"type":"if","locations":[{"start":{"line":22,"column":2},"end":{"line":22,"column":null}},{"start":{},"end":{}}]},"3":{"loc":{"start":{"line":27,"column":2},"end":{"line":31,"column":25}},"type":"binary-expr","locations":[{"start":{"line":27,"column":2},"end":{"line":27,"column":37}},{"start":{"line":28,"column":3},"end":{"line":30,"column":15}},{"start":{"line":31,"column":2},"end":{"line":31,"column":25}}]},"4":{"loc":{"start":{"line":28,"column":3},"end":{"line":30,"column":15}},"type":"cond-expr","locations":[{"start":{"line":29,"column":6},"end":{"line":29,"column":67}},{"start":{"line":30,"column":6},"end":{"line":30,"column":15}}]},"5":{"loc":{"start":{"line":34,"column":22},"end":{"line":34,"column":101}},"type":"cond-expr","locations":[{"start":{"line":34,"column":47},"end":{"line":34,"column":89}},{"start":{"line":34,"column":92},"end":{"line":34,"column":101}}]},"6":{"loc":{"start":{"line":37,"column":15},"end":{"line":37,"column":39}},"type":"binary-expr","locations":[{"start":{"line":37,"column":15},"end":{"line":37,"column":31}},{"start":{"line":37,"column":35},"end":{"line":37,"column":39}}]}},"s":{"0":1,"1":1,"2":1,"3":0,"4":1,"5":2,"6":2,"7":2,"8":2,"9":0,"10":2,"11":1,"12":0,"13":1,"14":1,"15":1,"16":1},"f":{"0":1,"1":2,"2":2,"3":1},"b":{"0":[0,1],"1":[2,0],"2":[0,1],"3":[1,0,0],"4":[0,0],"5":[0,1],"6":[1,0]}}
,"C:\\Users\\franc\\OneDrive\\Imágenes\\eMeet\\apps\\app-chat\\src\\routes\\chat.routes.ts": {"path":"C:\\Users\\franc\\OneDrive\\Imágenes\\eMeet\\apps\\app-chat\\src\\routes\\chat.routes.ts","statementMap":{"0":{"start":{"line":1,"column":0},"end":{"line":1,"column":32}},"1":{"start":{"line":2,"column":0},"end":{"line":2,"column":77}},"2":{"start":{"line":3,"column":0},"end":{"line":3,"column":87}},"3":{"start":{"line":5,"column":15},"end":{"line":5,"column":23}},"4":{"start":{"line":7,"column":0},"end":{"line":7,"column":null}},"5":{"start":{"line":9,"column":0},"end":{"line":61,"column":null}},"6":{"start":{"line":10,"column":52},"end":{"line":13,"column":36}},"7":{"start":{"line":15,"column":2},"end":{"line":17,"column":3}},"8":{"start":{"line":16,"column":4},"end":{"line":16,"column":null}},"9":{"start":{"line":19,"column":18},"end":{"line":19,"column":51}},"10":{"start":{"line":19,"column":41},"end":{"line":19,"column":50}},"11":{"start":{"line":20,"column":2},"end":{"line":20,"column":null}},"12":{"start":{"line":20,"column":28},"end":{"line":20,"column":null}},"13":{"start":{"line":23,"column":4},"end":{"line":27,"column":6}},"14":{"start":{"line":29,"column":2},"end":{"line":31,"column":3}},"15":{"start":{"line":30,"column":4},"end":{"line":30,"column":null}},"16":{"start":{"line":33,"column":25},"end":{"line":36,"column":8}},"17":{"start":{"line":34,"column":4},"end":{"line":34,"column":null}},"18":{"start":{"line":35,"column":4},"end":{"line":35,"column":null}},"19":{"start":{"line":38,"column":28},"end":{"line":38,"column":72}},"20":{"start":{"line":39,"column":2},"end":{"line":41,"column":null}},"21":{"start":{"line":40,"column":4},"end":{"line":40,"column":null}},"22":{"start":{"line":40,"column":45},"end":{"line":40,"column":null}},"23":{"start":{"line":43,"column":17},"end":{"line":58,"column":4}},"24":{"start":{"line":44,"column":23},"end":{"line":44,"column":83}},"25":{"start":{"line":44,"column":47},"end":{"line":44,"column":68}},"26":{"start":{"line":45,"column":24},"end":{"line":47,"column":12}},"27":{"start":{"line":46,"column":15},"end":{"line":46,"column":113}},"28":{"start":{"line":49,"column":4},"end":{"line":57,"column":null}},"29":{"start":{"line":60,"column":2},"end":{"line":60,"column":null}},"30":{"start":{"line":63,"column":0},"end":{"line":88,"column":null}},"31":{"start":{"line":64,"column":17},"end":{"line":64,"column":27}},"32":{"start":{"line":65,"column":54},"end":{"line":65,"column":null}},"33":{"start":{"line":71,"column":2},"end":{"line":73,"column":3}},"34":{"start":{"line":72,"column":4},"end":{"line":72,"column":null}},"35":{"start":{"line":75,"column":31},"end":{"line":77,"column":143}},"36":{"start":{"line":79,"column":2},"end":{"line":79,"column":null}},"37":{"start":{"line":79,"column":17},"end":{"line":79,"column":null}},"38":{"start":{"line":81,"column":33},"end":{"line":83,"column":90}},"39":{"start":{"line":85,"column":2},"end":{"line":85,"column":null}},"40":{"start":{"line":85,"column":19},"end":{"line":85,"column":null}},"41":{"start":{"line":87,"column":2},"end":{"line":87,"column":null}},"42":{"start":{"line":90,"column":0},"end":{"line":128,"column":null}},"43":{"start":{"line":91,"column":17},"end":{"line":91,"column":27}},"44":{"start":{"line":93,"column":26},"end":{"line":97,"column":45}},"45":{"start":{"line":99,"column":2},"end":{"line":99,"column":null}},"46":{"start":{"line":99,"column":13},"end":{"line":99,"column":null}},"47":{"start":{"line":101,"column":20},"end":{"line":101,"column":71}},"48":{"start":{"line":101,"column":57},"end":{"line":101,"column":68}},"49":{"start":{"line":102,"column":19},"end":{"line":102,"column":93}},"50":{"start":{"line":104,"column":2},"end":{"line":112,"column":3}},"51":{"start":{"line":105,"column":52},"end":{"line":108,"column":26}},"52":{"start":{"line":110,"column":4},"end":{"line":110,"column":null}},"53":{"start":{"line":110,"column":22},"end":{"line":110,"column":null}},"54":{"start":{"line":111,"column":4},"end":{"line":111,"column":null}},"55":{"start":{"line":111,"column":45},"end":{"line":111,"column":54}},"56":{"start":{"line":114,"column":19},"end":{"line":125,"column":4}},"57":{"start":{"line":115,"column":19},"end":{"line":115,"column":46}},"58":{"start":{"line":116,"column":4},"end":{"line":124,"column":null}},"59":{"start":{"line":127,"column":2},"end":{"line":127,"column":null}},"60":{"start":{"line":130,"column":0},"end":{"line":145,"column":null}},"61":{"start":{"line":131,"column":17},"end":{"line":131,"column":27}},"62":{"start":{"line":132,"column":19},"end":{"line":132,"column":48}},"63":{"start":{"line":134,"column":2},"end":{"line":134,"column":null}},"64":{"start":{"line":134,"column":29},"end":{"line":134,"column":null}},"65":{"start":{"line":136,"column":26},"end":{"line":140,"column":13}},"66":{"start":{"line":142,"column":2},"end":{"line":142,"column":null}},"67":{"start":{"line":142,"column":13},"end":{"line":142,"column":null}},"68":{"start":{"line":144,"column":2},"end":{"line":144,"column":null}},"69":{"start":{"line":147,"column":0},"end":{"line":159,"column":null}},"70":{"start":{"line":148,"column":17},"end":{"line":148,"column":27}},"71":{"start":{"line":150,"column":20},"end":{"line":154,"column":36}},"72":{"start":{"line":156,"column":2},"end":{"line":156,"column":null}},"73":{"start":{"line":156,"column":13},"end":{"line":156,"column":null}},"74":{"start":{"line":158,"column":2},"end":{"line":158,"column":null}},"75":{"start":{"line":161,"column":0},"end":{"line":183,"column":null}},"76":{"start":{"line":162,"column":17},"end":{"line":162,"column":27}},"77":{"start":{"line":164,"column":51},"end":{"line":169,"column":13}},"78":{"start":{"line":171,"column":2},"end":{"line":171,"column":null}},"79":{"start":{"line":171,"column":19},"end":{"line":171,"column":null}},"80":{"start":{"line":173,"column":49},"end":{"line":178,"column":37}},"81":{"start":{"line":180,"column":2},"end":{"line":180,"column":null}},"82":{"start":{"line":180,"column":19},"end":{"line":180,"column":null}},"83":{"start":{"line":182,"column":2},"end":{"line":182,"column":null}},"84":{"start":{"line":185,"column":0},"end":{"line":211,"column":null}},"85":{"start":{"line":186,"column":56},"end":{"line":189,"column":36}},"86":{"start":{"line":191,"column":2},"end":{"line":191,"column":null}},"87":{"start":{"line":191,"column":23},"end":{"line":191,"column":null}},"88":{"start":{"line":193,"column":18},"end":{"line":193,"column":51}},"89":{"start":{"line":193,"column":41},"end":{"line":193,"column":50}},"90":{"start":{"line":194,"column":2},"end":{"line":194,"column":null}},"91":{"start":{"line":194,"column":28},"end":{"line":194,"column":null}},"92":{"start":{"line":196,"column":51},"end":{"line":200,"column":37}},"93":{"start":{"line":202,"column":2},"end":{"line":202,"column":null}},"94":{"start":{"line":202,"column":21},"end":{"line":202,"column":null}},"95":{"start":{"line":204,"column":23},"end":{"line":208,"column":8}},"96":{"start":{"line":205,"column":21},"end":{"line":205,"column":86}},"97":{"start":{"line":205,"column":45},"end":{"line":205,"column":65}},"98":{"start":{"line":206,"column":4},"end":{"line":206,"column":null}},"99":{"start":{"line":206,"column":43},"end":{"line":206,"column":94}},"100":{"start":{"line":207,"column":4},"end":{"line":207,"column":null}},"101":{"start":{"line":210,"column":2},"end":{"line":210,"column":null}},"102":{"start":{"line":210,"column":74},"end":{"line":210,"column":92}},"103":{"start":{"line":213,"column":0},"end":{"line":213,"column":null}}},"fnMap":{"0":{"name":"(anonymous_0)","decl":{"start":{"line":9,"column":21},"end":{"line":9,"column":26}},"loc":{"start":{"line":9,"column":40},"end":{"line":61,"column":1}}},"1":{"name":"(anonymous_1)","decl":{"start":{"line":19,"column":34},"end":{"line":19,"column":35}},"loc":{"start":{"line":19,"column":41},"end":{"line":19,"column":50}}},"2":{"name":"(anonymous_2)","decl":{"start":{"line":33,"column":73},"end":{"line":33,"column":74}},"loc":{"start":{"line":33,"column":86},"end":{"line":36,"column":3}}},"3":{"name":"(anonymous_3)","decl":{"start":{"line":39,"column":19},"end":{"line":39,"column":20}},"loc":{"start":{"line":39,"column":27},"end":{"line":41,"column":3}}},"4":{"name":"(anonymous_4)","decl":{"start":{"line":43,"column":27},"end":{"line":43,"column":28}},"loc":{"start":{"line":43,"column":36},"end":{"line":58,"column":3}}},"5":{"name":"(anonymous_5)","decl":{"start":{"line":44,"column":40},"end":{"line":44,"column":41}},"loc":{"start":{"line":44,"column":47},"end":{"line":44,"column":68}}},"6":{"name":"(anonymous_6)","decl":{"start":{"line":46,"column":6},"end":{"line":46,"column":7}},"loc":{"start":{"line":46,"column":15},"end":{"line":46,"column":113}}},"7":{"name":"(anonymous_7)","decl":{"start":{"line":63,"column":31},"end":{"line":63,"column":36}},"loc":{"start":{"line":63,"column":50},"end":{"line":88,"column":1}}},"8":{"name":"(anonymous_8)","decl":{"start":{"line":90,"column":34},"end":{"line":90,"column":39}},"loc":{"start":{"line":90,"column":53},"end":{"line":128,"column":1}}},"9":{"name":"(anonymous_9)","decl":{"start":{"line":101,"column":48},"end":{"line":101,"column":49}},"loc":{"start":{"line":101,"column":57},"end":{"line":101,"column":68}}},"10":{"name":"(anonymous_10)","decl":{"start":{"line":111,"column":38},"end":{"line":111,"column":39}},"loc":{"start":{"line":111,"column":45},"end":{"line":111,"column":54}}},"11":{"name":"(anonymous_11)","decl":{"start":{"line":114,"column":28},"end":{"line":114,"column":29}},"loc":{"start":{"line":114,"column":36},"end":{"line":125,"column":3}}},"12":{"name":"(anonymous_12)","decl":{"start":{"line":130,"column":35},"end":{"line":130,"column":40}},"loc":{"start":{"line":130,"column":54},"end":{"line":145,"column":1}}},"13":{"name":"(anonymous_13)","decl":{"start":{"line":147,"column":31},"end":{"line":147,"column":36}},"loc":{"start":{"line":147,"column":50},"end":{"line":159,"column":1}}},"14":{"name":"(anonymous_14)","decl":{"start":{"line":161,"column":32},"end":{"line":161,"column":37}},"loc":{"start":{"line":161,"column":51},"end":{"line":183,"column":1}}},"15":{"name":"(anonymous_15)","decl":{"start":{"line":185,"column":22},"end":{"line":185,"column":27}},"loc":{"start":{"line":185,"column":41},"end":{"line":211,"column":1}}},"16":{"name":"(anonymous_16)","decl":{"start":{"line":193,"column":34},"end":{"line":193,"column":35}},"loc":{"start":{"line":193,"column":41},"end":{"line":193,"column":50}}},"17":{"name":"(anonymous_17)","decl":{"start":{"line":204,"column":62},"end":{"line":204,"column":63}},"loc":{"start":{"line":204,"column":78},"end":{"line":208,"column":3}}},"18":{"name":"(anonymous_18)","decl":{"start":{"line":205,"column":38},"end":{"line":205,"column":39}},"loc":{"start":{"line":205,"column":45},"end":{"line":205,"column":65}}},"19":{"name":"(anonymous_19)","decl":{"start":{"line":206,"column":34},"end":{"line":206,"column":35}},"loc":{"start":{"line":206,"column":43},"end":{"line":206,"column":94}}},"20":{"name":"(anonymous_20)","decl":{"start":{"line":210,"column":51},"end":{"line":210,"column":52}},"loc":{"start":{"line":210,"column":74},"end":{"line":210,"column":92}}}},"branchMap":{"0":{"loc":{"start":{"line":15,"column":2},"end":{"line":17,"column":3}},"type":"if","locations":[{"start":{"line":15,"column":2},"end":{"line":17,"column":3}},{"start":{},"end":{}}]},"1":{"loc":{"start":{"line":20,"column":2},"end":{"line":20,"column":null}},"type":"if","locations":[{"start":{"line":20,"column":2},"end":{"line":20,"column":null}},{"start":{},"end":{}}]},"2":{"loc":{"start":{"line":29,"column":2},"end":{"line":31,"column":3}},"type":"if","locations":[{"start":{"line":29,"column":2},"end":{"line":31,"column":3}},{"start":{},"end":{}}]},"3":{"loc":{"start":{"line":29,"column":6},"end":{"line":29,"column":52}},"type":"binary-expr","locations":[{"start":{"line":29,"column":6},"end":{"line":29,"column":15}},{"start":{"line":29,"column":19},"end":{"line":29,"column":31}},{"start":{"line":29,"column":35},"end":{"line":29,"column":52}}]},"4":{"loc":{"start":{"line":34,"column":24},"end":{"line":34,"column":45}},"type":"binary-expr","locations":[{"start":{"line":34,"column":24},"end":{"line":34,"column":40}},{"start":{"line":34,"column":44},"end":{"line":34,"column":45}}]},"5":{"loc":{"start":{"line":40,"column":4},"end":{"line":40,"column":null}},"type":"if","locations":[{"start":{"line":40,"column":4},"end":{"line":40,"column":null}},{"start":{},"end":{}}]},"6":{"loc":{"start":{"line":46,"column":15},"end":{"line":46,"column":113}},"type":"binary-expr","locations":[{"start":{"line":46,"column":15},"end":{"line":46,"column":38}},{"start":{"line":46,"column":42},"end":{"line":46,"column":77}},{"start":{"line":46,"column":81},"end":{"line":46,"column":113}}]},"7":{"loc":{"start":{"line":46,"column":60},"end":{"line":46,"column":76}},"type":"binary-expr","locations":[{"start":{"line":46,"column":60},"end":{"line":46,"column":70}},{"start":{"line":46,"column":74},"end":{"line":46,"column":76}}]},"8":{"loc":{"start":{"line":54,"column":19},"end":{"line":54,"column":47}},"type":"binary-expr","locations":[{"start":{"line":54,"column":19},"end":{"line":54,"column":42}},{"start":{"line":54,"column":46},"end":{"line":54,"column":47}}]},"9":{"loc":{"start":{"line":55,"column":19},"end":{"line":55,"column":57}},"type":"binary-expr","locations":[{"start":{"line":55,"column":19},"end":{"line":55,"column":49}},{"start":{"line":55,"column":53},"end":{"line":55,"column":57}}]},"10":{"loc":{"start":{"line":71,"column":2},"end":{"line":73,"column":3}},"type":"if","locations":[{"start":{"line":71,"column":2},"end":{"line":73,"column":3}},{"start":{},"end":{}}]},"11":{"loc":{"start":{"line":77,"column":60},"end":{"line":77,"column":81}},"type":"binary-expr","locations":[{"start":{"line":77,"column":60},"end":{"line":77,"column":73}},{"start":{"line":77,"column":77},"end":{"line":77,"column":81}}]},"12":{"loc":{"start":{"line":77,"column":98},"end":{"line":77,"column":118}},"type":"binary-expr","locations":[{"start":{"line":77,"column":98},"end":{"line":77,"column":110}},{"start":{"line":77,"column":114},"end":{"line":77,"column":118}}]},"13":{"loc":{"start":{"line":79,"column":2},"end":{"line":79,"column":null}},"type":"if","locations":[{"start":{"line":79,"column":2},"end":{"line":79,"column":null}},{"start":{},"end":{}}]},"14":{"loc":{"start":{"line":85,"column":2},"end":{"line":85,"column":null}},"type":"if","locations":[{"start":{"line":85,"column":2},"end":{"line":85,"column":null}},{"start":{},"end":{}}]},"15":{"loc":{"start":{"line":99,"column":2},"end":{"line":99,"column":null}},"type":"if","locations":[{"start":{"line":99,"column":2},"end":{"line":99,"column":null}},{"start":{},"end":{}}]},"16":{"loc":{"start":{"line":104,"column":2},"end":{"line":112,"column":3}},"type":"if","locations":[{"start":{"line":104,"column":2},"end":{"line":112,"column":3}},{"start":{},"end":{}}]},"17":{"loc":{"start":{"line":110,"column":4},"end":{"line":110,"column":null}},"type":"if","locations":[{"start":{"line":110,"column":4},"end":{"line":110,"column":null}},{"start":{},"end":{}}]},"18":{"loc":{"start":{"line":120,"column":18},"end":{"line":120,"column":43}},"type":"binary-expr","locations":[{"start":{"line":120,"column":18},"end":{"line":120,"column":30}},{"start":{"line":120,"column":34},"end":{"line":120,"column":43}}]},"19":{"loc":{"start":{"line":134,"column":2},"end":{"line":134,"column":null}},"type":"if","locations":[{"start":{"line":134,"column":2},"end":{"line":134,"column":null}},{"start":{},"end":{}}]},"20":{"loc":{"start":{"line":134,"column":6},"end":{"line":134,"column":27}},"type":"binary-expr","locations":[{"start":{"line":134,"column":6},"end":{"line":134,"column":11}},{"start":{"line":134,"column":15},"end":{"line":134,"column":27}}]},"21":{"loc":{"start":{"line":142,"column":2},"end":{"line":142,"column":null}},"type":"if","locations":[{"start":{"line":142,"column":2},"end":{"line":142,"column":null}},{"start":{},"end":{}}]},"22":{"loc":{"start":{"line":156,"column":2},"end":{"line":156,"column":null}},"type":"if","locations":[{"start":{"line":156,"column":2},"end":{"line":156,"column":null}},{"start":{},"end":{}}]},"23":{"loc":{"start":{"line":171,"column":2},"end":{"line":171,"column":null}},"type":"if","locations":[{"start":{"line":171,"column":2},"end":{"line":171,"column":null}},{"start":{},"end":{}}]},"24":{"loc":{"start":{"line":180,"column":2},"end":{"line":180,"column":null}},"type":"if","locations":[{"start":{"line":180,"column":2},"end":{"line":180,"column":null}},{"start":{},"end":{}}]},"25":{"loc":{"start":{"line":191,"column":2},"end":{"line":191,"column":null}},"type":"if","locations":[{"start":{"line":191,"column":2},"end":{"line":191,"column":null}},{"start":{},"end":{}}]},"26":{"loc":{"start":{"line":194,"column":2},"end":{"line":194,"column":null}},"type":"if","locations":[{"start":{"line":194,"column":2},"end":{"line":194,"column":null}},{"start":{},"end":{}}]},"27":{"loc":{"start":{"line":202,"column":2},"end":{"line":202,"column":null}},"type":"if","locations":[{"start":{"line":202,"column":2},"end":{"line":202,"column":null}},{"start":{},"end":{}}]},"28":{"loc":{"start":{"line":205,"column":21},"end":{"line":205,"column":86}},"type":"binary-expr","locations":[{"start":{"line":205,"column":21},"end":{"line":205,"column":80}},{"start":{"line":205,"column":84},"end":{"line":205,"column":86}}]},"29":{"loc":{"start":{"line":206,"column":43},"end":{"line":206,"column":94}},"type":"binary-expr","locations":[{"start":{"line":206,"column":43},"end":{"line":206,"column":65}},{"start":{"line":206,"column":69},"end":{"line":206,"column":94}}]}},"s":{"0":1,"1":1,"2":1,"3":1,"4":1,"5":1,"6":0,"7":0,"8":0,"9":0,"10":0,"11":0,"12":0,"13":0,"14":0,"15":0,"16":0,"17":0,"18":0,"19":0,"20":0,"21":0,"22":0,"23":0,"24":0,"25":0,"26":0,"27":0,"28":0,"29":0,"30":1,"31":0,"32":0,"33":0,"34":0,"35":0,"36":0,"37":0,"38":0,"39":0,"40":0,"41":0,"42":1,"43":0,"44":0,"45":0,"46":0,"47":0,"48":0,"49":0,"50":0,"51":0,"52":0,"53":0,"54":0,"55":0,"56":0,"57":0,"58":0,"59":0,"60":1,"61":0,"62":0,"63":0,"64":0,"65":0,"66":0,"67":0,"68":0,"69":1,"70":0,"71":0,"72":0,"73":0,"74":0,"75":1,"76":0,"77":0,"78":0,"79":0,"80":0,"81":0,"82":0,"83":0,"84":1,"85":0,"86":0,"87":0,"88":0,"89":0,"90":0,"91":0,"92":0,"93":0,"94":0,"95":0,"96":0,"97":0,"98":0,"99":0,"100":0,"101":0,"102":0,"103":1},"f":{"0":0,"1":0,"2":0,"3":0,"4":0,"5":0,"6":0,"7":0,"8":0,"9":0,"10":0,"11":0,"12":0,"13":0,"14":0,"15":0,"16":0,"17":0,"18":0,"19":0,"20":0},"b":{"0":[0,0],"1":[0,0],"2":[0,0],"3":[0,0,0],"4":[0,0],"5":[0,0],"6":[0,0,0],"7":[0,0],"8":[0,0],"9":[0,0],"10":[0,0],"11":[0,0],"12":[0,0],"13":[0,0],"14":[0,0],"15":[0,0],"16":[0,0],"17":[0,0],"18":[0,0],"19":[0,0],"20":[0,0],"21":[0,0],"22":[0,0],"23":[0,0],"24":[0,0],"25":[0,0],"26":[0,0],"27":[0,0],"28":[0,0],"29":[0,0]}}
,"C:\\Users\\franc\\OneDrive\\Imágenes\\eMeet\\apps\\app-events\\src\\app.ts": {"path":"C:\\Users\\franc\\OneDrive\\Imágenes\\eMeet\\apps\\app-events\\src\\app.ts","statementMap":{"0":{"start":{"line":1,"column":0},"end":{"line":1,"column":23}},"1":{"start":{"line":2,"column":0},"end":{"line":2,"column":29}},"2":{"start":{"line":3,"column":0},"end":{"line":3,"column":27}},"3":{"start":{"line":4,"column":0},"end":{"line":4,"column":27}},"4":{"start":{"line":5,"column":0},"end":{"line":5,"column":37}},"5":{"start":{"line":6,"column":0},"end":{"line":6,"column":52}},"6":{"start":{"line":8,"column":12},"end":{"line":8,"column":21}},"7":{"start":{"line":10,"column":23},"end":{"line":17,"column":2}},"8":{"start":{"line":19,"column":38},"end":{"line":28,"column":null}},"9":{"start":{"line":21,"column":4},"end":{"line":21,"column":null}},"10":{"start":{"line":21,"column":17},"end":{"line":21,"column":null}},"11":{"start":{"line":22,"column":4},"end":{"line":22,"column":null}},"12":{"start":{"line":22,"column":36},"end":{"line":22,"column":null}},"13":{"start":{"line":23,"column":4},"end":{"line":23,"column":null}},"14":{"start":{"line":30,"column":0},"end":{"line":30,"column":null}},"15":{"start":{"line":31,"column":0},"end":{"line":31,"column":null}},"16":{"start":{"line":32,"column":0},"end":{"line":32,"column":null}},"17":{"start":{"line":33,"column":0},"end":{"line":33,"column":null}},"18":{"start":{"line":34,"column":0},"end":{"line":34,"column":null}},"19":{"start":{"line":36,"column":0},"end":{"line":38,"column":null}},"20":{"start":{"line":37,"column":2},"end":{"line":37,"column":null}},"21":{"start":{"line":40,"column":0},"end":{"line":40,"column":null}},"22":{"start":{"line":42,"column":0},"end":{"line":42,"column":null}}},"fnMap":{"0":{"name":"(anonymous_1)","decl":{"start":{"line":20,"column":10},"end":{"line":20,"column":11}},"loc":{"start":{"line":20,"column":31},"end":{"line":24,"column":3}}},"1":{"name":"(anonymous_2)","decl":{"start":{"line":36,"column":19},"end":{"line":36,"column":20}},"loc":{"start":{"line":36,"column":33},"end":{"line":38,"column":1}}}},"branchMap":{"0":{"loc":{"start":{"line":21,"column":4},"end":{"line":21,"column":null}},"type":"if","locations":[{"start":{"line":21,"column":4},"end":{"line":21,"column":null}},{"start":{},"end":{}}]},"1":{"loc":{"start":{"line":22,"column":4},"end":{"line":22,"column":null}},"type":"if","locations":[{"start":{"line":22,"column":4},"end":{"line":22,"column":null}},{"start":{},"end":{}}]}},"s":{"0":1,"1":1,"2":1,"3":1,"4":1,"5":1,"6":1,"7":1,"8":1,"9":11,"10":11,"11":0,"12":0,"13":0,"14":1,"15":1,"16":1,"17":1,"18":1,"19":1,"20":0,"21":1,"22":1},"f":{"0":11,"1":0},"b":{"0":[11,0],"1":[0,0]}}
,"C:\\Users\\franc\\OneDrive\\Imágenes\\eMeet\\apps\\app-events\\src\\config\\env.ts": {"path":"C:\\Users\\franc\\OneDrive\\Imágenes\\eMeet\\apps\\app-events\\src\\config\\env.ts","statementMap":{"0":{"start":{"line":1,"column":0},"end":{"line":1,"column":22}},"1":{"start":{"line":4,"column":16},"end":{"line":4,"column":33}},"2":{"start":{"line":5,"column":2},"end":{"line":5,"column":null}},"3":{"start":{"line":5,"column":14},"end":{"line":5,"column":null}},"4":{"start":{"line":6,"column":2},"end":{"line":6,"column":null}},"5":{"start":{"line":10,"column":2},"end":{"line":13,"column":3}},"6":{"start":{"line":11,"column":18},"end":{"line":11,"column":43}},"7":{"start":{"line":12,"column":4},"end":{"line":12,"column":null}},"8":{"start":{"line":12,"column":15},"end":{"line":12,"column":null}},"9":{"start":{"line":14,"column":2},"end":{"line":14,"column":null}},"10":{"start":{"line":18,"column":2},"end":{"line":18,"column":null}},"11":{"start":{"line":22,"column":2},"end":{"line":22,"column":null}},"12":{"start":{"line":22,"column":12},"end":{"line":22,"column":null}},"13":{"start":{"line":23,"column":2},"end":{"line":23,"column":null}},"14":{"start":{"line":26,"column":22},"end":{"line":31,"column":null}},"15":{"start":{"line":34,"column":22},"end":{"line":34,"column":101}},"16":{"start":{"line":36,"column":13},"end":{"line":45,"column":null}}},"fnMap":{"0":{"name":"requireEnv","decl":{"start":{"line":3,"column":9},"end":{"line":3,"column":19}},"loc":{"start":{"line":3,"column":32},"end":{"line":7,"column":1}}},"1":{"name":"requireEnvAny","decl":{"start":{"line":9,"column":9},"end":{"line":9,"column":22}},"loc":{"start":{"line":9,"column":38},"end":{"line":15,"column":1}}},"2":{"name":"normalizeOrigin","decl":{"start":{"line":17,"column":9},"end":{"line":17,"column":24}},"loc":{"start":{"line":17,"column":34},"end":{"line":19,"column":1}}},"3":{"name":"parseOrigins","decl":{"start":{"line":21,"column":9},"end":{"line":21,"column":21}},"loc":{"start":{"line":21,"column":34},"end":{"line":24,"column":1}}}},"branchMap":{"0":{"loc":{"start":{"line":5,"column":2},"end":{"line":5,"column":null}},"type":"if","locations":[{"start":{"line":5,"column":2},"end":{"line":5,"column":null}},{"start":{},"end":{}}]},"1":{"loc":{"start":{"line":12,"column":4},"end":{"line":12,"column":null}},"type":"if","locations":[{"start":{"line":12,"column":4},"end":{"line":12,"column":null}},{"start":{},"end":{}}]},"2":{"loc":{"start":{"line":22,"column":2},"end":{"line":22,"column":null}},"type":"if","locations":[{"start":{"line":22,"column":2},"end":{"line":22,"column":null}},{"start":{},"end":{}}]},"3":{"loc":{"start":{"line":27,"column":2},"end":{"line":31,"column":25}},"type":"binary-expr","locations":[{"start":{"line":27,"column":2},"end":{"line":27,"column":37}},{"start":{"line":28,"column":3},"end":{"line":30,"column":15}},{"start":{"line":31,"column":2},"end":{"line":31,"column":25}}]},"4":{"loc":{"start":{"line":28,"column":3},"end":{"line":30,"column":15}},"type":"cond-expr","locations":[{"start":{"line":29,"column":6},"end":{"line":29,"column":67}},{"start":{"line":30,"column":6},"end":{"line":30,"column":15}}]},"5":{"l
[...]
start":{"line":369,"column":16},"end":{"line":369,"column":75}},"118":{"start":{"line":371,"column":2},"end":{"line":374,"column":3}},"119":{"start":{"line":372,"column":4},"end":{"line":372,"column":null}},"120":{"start":{"line":373,"column":4},"end":{"line":373,"column":null}},"121":{"start":{"line":376,"column":2},"end":{"line":376,"column":null}},"122":{"start":{"line":379,"column":0},"end":{"line":393,"column":null}},"123":{"start":{"line":380,"column":26},"end":{"line":385,"column":46}},"124":{"start":{"line":387,"column":2},"end":{"line":390,"column":3}},"125":{"start":{"line":388,"column":4},"end":{"line":388,"column":null}},"126":{"start":{"line":389,"column":4},"end":{"line":389,"column":null}},"127":{"start":{"line":392,"column":2},"end":{"line":392,"column":null}},"128":{"start":{"line":395,"column":0},"end":{"line":409,"column":null}},"129":{"start":{"line":396,"column":26},"end":{"line":401,"column":46}},"130":{"start":{"line":403,"column":2},"end":{"line":406,"column":3}},"131":{"start":{"line":404,"column":4},"end":{"line":404,"column":null}},"132":{"start":{"line":405,"column":4},"end":{"line":405,"column":null}},"133":{"start":{"line":408,"column":2},"end":{"line":408,"column":null}},"134":{"start":{"line":416,"column":0},"end":{"line":445,"column":null}},"135":{"start":{"line":417,"column":41},"end":{"line":417,"column":null}},"136":{"start":{"line":422,"column":2},"end":{"line":424,"column":3}},"137":{"start":{"line":423,"column":4},"end":{"line":423,"column":null}},"138":{"start":{"line":426,"column":2},"end":{"line":444,"column":3}},"139":{"start":{"line":427,"column":19},"end":{"line":427,"column":35}},"140":{"start":{"line":428,"column":4},"end":{"line":430,"column":5}},"141":{"start":{"line":429,"column":6},"end":{"line":429,"column":null}},"142":{"start":{"line":432,"column":23},"end":{"line":432,"column":44}},"143":{"start":{"line":433,"column":28},"end":{"line":435,"column":99}},"144":{"start":{"line":435,"column":70},"end":{"line":435,"column":97}},"145":{"start":{"line":437,"column":4},"end":{"line":440,"column":null}},"146":{"start":{"line":442,"column":4},"end":{"line":442,"column":null}},"147":{"start":{"line":443,"column":4},"end":{"line":443,"column":null}},"148":{"start":{"line":447,"column":0},"end":{"line":447,"column":null}}},"fnMap":{"0":{"name":"getRedisTools","decl":{"start":{"line":26,"column":15},"end":{"line":26,"column":28}},"loc":{"start":{"line":26,"column":28},"end":{"line":40,"column":1}}},"1":{"name":"(anonymous_10)","decl":{"start":{"line":28,"column":24},"end":{"line":28,"column":31}},"loc":{"start":{"line":28,"column":24},"end":{"line":28,"column":null}}},"2":{"name":"(anonymous_11)","decl":{"start":{"line":29,"column":12},"end":{"line":29,"column":13}},"loc":{"start":{"line":29,"column":22},"end":{"line":32,"column":8}}},"3":{"name":"(anonymous_12)","decl":{"start":{"line":33,"column":13},"end":{"line":33,"column":14}},"loc":{"start":{"line":33,"column":21},"end":{"line":36,"column":7}}},"4":{"name":"ensureProfile","decl":{"start":{"line":46,"column":15},"end":{"line":46,"column":28}},"loc":{"start":{"line":46,"column":116},"end":{"line":107,"column":1}}},"5":{"name":"logSupabaseError","decl":{"start":{"line":109,"column":9},"end":{"line":109,"column":25}},"loc":{"start":{"line":109,"column":55},"end":{"line":115,"column":1}}},"6":{"name":"asStableUuid","decl":{"start":{"line":117,"column":9},"end":{"line":117,"column":21}},"loc":{"start":{"line":117,"column":35},"end":{"line":120,"column":1}}},"7":{"name":"shouldFallbackToUuid","decl":{"start":{"line":122,"column":9},"end":{"line":122,"column":29}},"loc":{"start":{"line":122,"column":44},"end":{"line":129,"column":1}}},"8":{"name":"writeUserEvent","decl":{"start":{"line":131,"column":15},"end":{"line":131,"column":29}},"loc":{"start":{"line":139,"column":3},"end":{"line":177,"column":1}}},"9":{"name":"(anonymous_18)","decl":{"start":{"line":141,"column":20},"end":{"line":141,"column":25}},"loc":{"start":{"line":141,"column":46},"end":{"line":166,"column":3}}},"10":{"name":"deleteUserEvent","decl":{"start":{"line":179,"column":15},"end":{"line":179,"column":30}},"loc":{"start":{"line":181,"column":55},"end":{"line":202,"column":1}}},"11":{"name":"(anonymous_20)","decl":{"start":{"line":183,"column":20},"end":{"line":183,"column":25}},"loc":{"start":{"line":183,"column":46},"end":{"line":192,"column":3}}},"12":{"name":"ensureRoomMember","decl":{"start":{"line":204,"column":15},"end":{"line":204,"column":31}},"loc":{"start":{"line":206,"column":16},"end":{"line":224,"column":1}}},"13":{"name":"(anonymous_22)","decl":{"start":{"line":226,"column":21},"end":{"line":226,"column":26}},"loc":{"start":{"line":226,"column":40},"end":{"line":317,"column":1}}},"14":{"name":"(anonymous_23)","decl":{"start":{"line":309,"column":15},"end":{"line":309,"column":18}},"loc":{"start":{"line":309,"column":21},"end":{"line":312,"column":7}}},"15":{"name":"(anonymous_24)","decl":{"start":{"line":319,"column":21},"end":{"line":319,"column":26}},"loc":{"start":{"line":319,"column":40},"end":{"line":351,"column":1}}},"16":{"name":"(anonymous_25)","decl":{"start":{"line":353,"column":27},"end":{"line":353,"column":32}},"loc":{"start":{"line":353,"column":46},"end":{"line":364,"column":1}}},"17":{"name":"(anonymous_26)","decl":{"start":{"line":366,"column":27},"end":{"line":366,"column":32}},"loc":{"start":{"line":366,"column":46},"end":{"line":377,"column":1}}},"18":{"name":"(anonymous_27)","decl":{"start":{"line":379,"column":21},"end":{"line":379,"column":26}},"loc":{"start":{"line":379,"column":40},"end":{"line":393,"column":1}}},"19":{"name":"(anonymous_28)","decl":{"start":{"line":395,"column":21},"end":{"line":395,"column":26}},"loc":{"start":{"line":395,"column":40},"end":{"line":409,"column":1}}},"20":{"name":"(anonymous_29)","decl":{"start":{"line":416,"column":32},"end":{"line":416,"column":37}},"loc":{"start":{"line":416,"column":51},"end":{"line":445,"column":1}}},"21":{"name":"(anonymous_30)","decl":{"start":{"line":435,"column":58},"end":{"line":435,"column":59}},"loc":{"start":{"line":435,"column":70},"end":{"line":435,"column":97}}}},"branchMap":{"0":{"loc":{"start":{"line":27,"column":2},"end":{"line":37,"column":3}},"type":"if","locations":[{"start":{"line":27,"column":2},"end":{"line":37,"column":3}},{"start":{},"end":{}}]},"1":{"loc":{"start":{"line":48,"column":4},"end":{"line":52,"column":14}},"type":"cond-expr","locations":[{"start":{"line":51,"column":8},"end":{"line":51,"column":39}},{"start":{"line":52,"column":8},"end":{"line":52,"column":14}}]},"2":{"loc":{"start":{"line":48,"column":4},"end":{"line":50,"column":48}},"type":"binary-expr","locations":[{"start":{"line":48,"column":4},"end":{"line":48,"column":49}},{"start":{"line":49,"column":4},"end":{"line":49,"column":53}},{"start":{"line":50,"column":4},"end":{"line":50,"column":48}}]},"3":{"loc":{"start":{"line":55,"column":4},"end":{"line":57,"column":17}},"type":"cond-expr","locations":[{"start":{"line":56,"column":8},"end":{"line":56,"column":39}},{"start":{"line":57,"column":8},"end":{"line":57,"column":17}}]},"4":{"loc":{"start":{"line":60,"column":4},"end":{"line":64,"column":14}},"type":"cond-expr","locations":[{"start":{"line":61,"column":8},"end":{"line":61,"column":52}},{"start":{"line":62,"column":8},"end":{"line":64,"column":14}}]},"5":{"loc":{"start":{"line":62,"column":8},"end":{"line":64,"column":14}},"type":"cond-expr","locations":[{"start":{"line":63,"column":10},"end":{"line":63,"column":45}},{"start":{"line":64,"column":10},"end":{"line":64,"column":14}}]},"6":{"loc":{"start":{"line":66,"column":23},"end":{"line":66,"column":70}},"type":"binary-expr","locations":[{"start":{"line":66,"column":23},"end":{"line":66,"column":57}},{"start":{"line":66,"column":61},"end":{"line":66,"column":70}}]},"7":{"loc":{"start":{"line":70,"column":10},"end":{"line":70,"column":64}},"type":"binary-expr","locations":[{"start":{"line":70,"column":10},"end":{"line":70,"column":51}},{"start":{"line":70,"column":55},"end":{"line":70,"column":64}}]},"8":{"loc":{"start":{"line":70,"column":11},"end":{"line":70,"column":43}},"type":"binary-expr","locations":[{"start":{"line":70,"column":11},"end":{"line":70,"column":27}},{"start":{"line":70,"column":31},"end":{"line":70,"column":43}}]},"9":{"loc":{"start":{"line":73,"column":14},"end":{"line":73,"column":55}},"type":"binary-expr","locations":[{"start":{"line":73,"column":14},"end":{"line":73,"column":34}},{"start":{"line":73,"column":38},"end":{"line":73,"column":55}}]},"10":{"loc":{"start":{"line":80,"column":2},"end":{"line":80,"column":null}},"type":"if","locations":[{"start":{"line":80,"column":2},"end":{"line":80,"column":null}},{"start":{},"end":{}}]},"11":{"loc":{"start":{"line":84,"column":21},"end":{"line":84,"column":59}},"type":"binary-expr","locations":[{"start":{"line":84,"column":21},"end":{"line":84,"column":53}},{"start":{"line":84,"column":57},"end":{"line":84,"column":59}}]},"12":{"loc":{"start":{"line":85,"column":26},"end":{"line":85,"column":75}},"type":"binary-expr","locations":[{"start":{"line":85,"column":26},"end":{"line":85,"column":47}},{"start":{"line":85,"column":51},"end":{"line":85,"column":75}}]},"13":{"loc":{"start":{"line":86,"column":2},"end":{"line":86,"column":null}},"type":"if","locations":[{"start":{"line":86,"column":2},"end":{"line":86,"column":null}},{"start":{},"end":{}}]},"14":{"loc":{"start":{"line":92,"column":19},"end":{"line":96,"column":12}},"type":"cond-expr","locations":[{"start":{"line":93,"column":8},"end":{"line":95,"column":14}},{"start":{"line":96,"column":8},"end":{"line":96,"column":12}}]},"15":{"loc":{"start":{"line":93,"column":8},"end":{"line":95,"column":14}},"type":"cond-expr","locations":[{"start":{"line":94,"column":10},"end":{"line":94,"column":50}},{"start":{"line":95,"column":10},"end":{"line":95,"column":14}}]},"16":{"loc":{"start":{"line":97,"column":23},"end":{"line":99,"column":12}},"type":"cond-expr","locations":[{"start":{"line":98,"column":8},"end":{"line":98,"column":28}},{"start":{"line":99,"column":8},"end":{"line":99,"column":12}}]},"17":{"loc":{"start":{"line":123,"column":2},"end":{"line":123,"column":null}},"type":"if","locations":[{"start":{"line":123,"column":2},"end":{"line":123,"column":null}},{"start":{},"end":{}}]},"18":{"loc":{"start":{"line":123,"column":6},"end":{"line":123,"column":41}},"type":"binary-expr","locations":[{"start":{"line":123,"column":6},"end":{"line":123,"column":12}},{"start":{"line":123,"column":16},"end":{"line":123,"column":41}}]},"19":{"loc":{"start":{"line":126,"column":21},"end":{"line":126,"column":45}},"type":"binary-expr","locations":[{"start":{"line":126,"column":21},"end":{"line":126,"column":39}},{"start":{"line":126,"column":43},"end":{"line":126,"column":45}}]},"20":{"loc":{"start":{"line":126,"column":49},"end":{"line":126,"column":73}},"type":"binary-expr","locations":[{"start":{"line":126,"column":49},"end":{"line":126,"column":67}},{"start":{"line":126,"column":71},"end":{"line":126,"column":73}}]},"21":{"loc":{"start":{"line":128,"column":9},"end":{"line":128,"column":64}},"type":"binary-expr","locations":[{"start":{"line":128,"column":9},"end":{"line":128,"column":36}},{"start":{"line":128,"column":40},"end":{"line":128,"column":64}}]},"22":{"loc":{"start":{"line":149,"column":4},"end":{"line":151,"column":5}},"type":"if","locations":[{"start":{"line":149,"column":4},"end":{"line":151,"column":5}},{"start":{},"end":{}}]},"23":{"loc":{"start":{"line":159,"column":25},"end":{"line":159,"column":54}},"type":"binary-expr","locations":[{"start":{"line":159,"column":25},"end":{"line":159,"column":46}},{"start":{"line":159,"column":50},"end":{"line":159,"column":54}}]},"24":{"loc":{"start":{"line":160,"column":23},"end":{"line":160,"column":51}},"type":"binary-expr","locations":[{"start":{"line":160,"column":23},"end":{"line":160,"column":43}},{"start":{"line":160,"column":47},"end":{"line":160,"column":51}}]},"25":{"loc":{"start":{"line":169,"column":2},"end":{"line":169,"column":null}},"type":"if","locations":[{"start":{"line":169,"column":2},"end":{"line":169,"column":null}},{"start":{},"end":{}}]},"26":{"loc":{"start":{"line":171,"column":2},"end":{"line":173,"column":3}},"type":"if","locations":[{"start":{"line":171,"column":2},"end":{"line":173,"column":3}},{"start":{},"end":{}}]},"27":{"loc":{"start":{"line":195,"column":2},"end":{"line":195,"column":null}},"type":"if","locations":[{"start":{"line":195,"column":2},"end":{"line":195,"column":null}},{"start":{},"end":{}}]},"28":{"loc":{"start":{"line":197,"column":2},"end":{"line":199,"column":3}},"type":"if","locations":[{"start":{"line":197,"column":2},"end":{"line":199,"column":3}},{"start":{},"end":{}}]},"29":{"loc":{"start":{"line":214,"column":2},"end":{"line":216,"column":3}},"type":"if","locations":[{"start":{"line":214,"column":2},"end":{"line":216,"column":3}},{"start":{},"end":{}}]},"30":{"loc":{"start":{"line":238,"column":2},"end":{"line":240,"column":3}},"type":"if","locations":[{"start":{"line":238,"column":2},"end":{"line":240,"column":3}},{"start":{},"end":{}}]},"31":{"loc":{"start":{"line":238,"column":6},"end":{"line":238,"column":29}},"type":"binary-expr","locations":[{"start":{"line":238,"column":6},"end":{"line":238,"column":14}},{"start":{"line":238,"column":18},"end":{"line":238,"column":29}}]},"32":{"loc":{"start":{"line":243,"column":2},"end":{"line":249,"column":3}},"type":"if","locations":[{"start":{"line":243,"column":2},"end":{"line":249,"column":3}},{"start":{},"end":{}}]},"33":{"loc":{"start":{"line":259,"column":2},"end":{"line":265,"column":3}},"type":"if","locations":[{"start":{"line":259,"column":2},"end":{"line":265,"column":3}},{"start":{},"end":{}}]},"34":{"loc":{"start":{"line":277,"column":25},"end":{"line":277,"column":46}},"type":"binary-expr","locations":[{"start":{"line":277,"column":25},"end":{"line":277,"column":38}},{"start":{"line":277,"column":42},"end":{"line":277,"column":46}}]},"35":{"loc":{"start":{"line":278,"column":23},"end":{"line":278,"column":43}},"type":"binary-expr","locations":[{"start":{"line":278,"column":23},"end":{"line":278,"column":35}},{"start":{"line":278,"column":39},"end":{"line":278,"column":43}}]},"36":{"loc":{"start":{"line":284,"column":2},"end":{"line":287,"column":3}},"type":"if","locations":[{"start":{"line":284,"column":2},"end":{"line":287,"column":3}},{"start":{},"end":{}}]},"37":{"loc":{"start":{"line":289,"column":2},"end":{"line":296,"column":3}},"type":"if","locations":[{"start":{"line":289,"column":2},"end":{"line":296,"column":3}},{"start":{},"end":{}}]},"38":{"loc":{"start":{"line":292,"column":4},"end":{"line":295,"column":5}},"type":"if","locations":[{"start":{"line":292,"column":4},"end":{"line":295,"column":5}},{"start":{},"end":{}}]},"39":{"loc":{"start":{"line":299,"column":2},"end":{"line":314,"column":3}},"type":"if","locations":[{"start":{"line":299,"column":2},"end":{"line":314,"column":3}},{"start":{},"end":{}}]},"40":{"loc":{"start":{"line":299,"column":6},"end":{"line":299,"column":80}},"type":"binary-expr","locations":[{"start":{"line":299,"column":6},"end":{"line":299,"column":22}},{"start":{"line":299,"column":26},"end":{"line":299,"column":42}},{"start":{"line":299,"column":46},"end":{"line":299,"column":67}},{"start":{"line":299,"column":71},"end":{"line":299,"column":80}}]},"41":{"loc":{"start":{"line":302,"column":4},"end":{"line":313,"column":5}},"type":"if","locations":[{"start":{"line":302,"column":4},"end":{"line":313,"column":5}},{"start":{},"end":{}}]},"42":{"loc":{"start":{"line":327,"column":2},"end":{"line":329,"column":3}},"type":"if","locations":[{"start":{"line":327,"column":2},"end":{"line":329,"column":3}},{"start":{},"end":{}}]},"43":{"loc":{"start":{"line":327,"column":6},"end":{"line":327,"column":29}},"type":"binary-expr","locations":[{"start":{"line":327,"column":6},"end":{"line":327,"column":14}},{"start":{"line":327,"column":18},"end":{"line":327,"column":29}}]},"44":{"loc":{"start":{"line":332,"column":2},"end":{"line":335,"column":3}},"type":"if","locations":[{"start":{"line":332,"column":2},"end":{"line":335,"column":3}},{"start":{},"end":{}}]},"45":{"loc":{"start":{"line":345,"column":2},"end":{"line":348,"column":3}},"type":"if","locations":[{"start":{"line":345,"column":2},"end":{"line":348,"column":3}},{"start":{},"end":{}}]},"46":{"loc":{"start":{"line":358,"column":2},"end":{"line":361,"column":3}},"type":"if","locations":[{"start":{"line":358,"column":2},"end":{"line":361,"column":3}},{"start":{},"end":{}}]},"47":{"loc":{"start":{"line":371,"column":2},"end":{"line":374,"column":3}},"type":"if","locations":[{"start":{"line":371,"column":2},"end":{"line":374,"column":3}},{"start":{},"end":{}}]},"48":{"loc":{"start":{"line":387,"column":2},"end":{"line":390,"column":3}},"type":"if","locations":[{"start":{"line":387,"column":2},"end":{"line":390,"column":3}},{"start":{},"end":{}}]},"49":{"loc":{"start":{"line":403,"column":2},"end":{"line":406,"column":3}},"type":"if","locations":[{"start":{"line":403,"column":2},"end":{"line":406,"column":3}},{"start":{},"end":{}}]},"50":{"loc":{"start":{"line":417,"column":27},"end":{"line":417,"column":36}},"type":"default-arg","locations":[{"start":{"line":417,"column":35},"end":{"line":417,"column":36}}]},"51":{"loc":{"start":{"line":422,"column":2},"end":{"line":424,"column":3}},"type":"if","locations":[{"start":{"line":422,"column":2},"end":{"line":424,"column":3}},{"start":{},"end":{}}]},"52":{"loc":{"start":{"line":422,"column":6},"end":{"line":422,"column":57}},"type":"binary-expr","locations":[{"start":{"line":422,"column":6},"end":{"line":422,"column":22}},{"start":{"line":422,"column":26},"end":{"line":422,"column":57}}]},"53":{"loc":{"start":{"line":428,"column":4},"end":{"line":430,"column":5}},"type":"if","locations":[{"start":{"line":428,"column":4},"end":{"line":430,"column":5}},{"start":{},"end":{}}]},"54":{"loc":{"start":{"line":433,"column":28},"end":{"line":435,"column":99}},"type":"cond-expr","locations":[{"start":{"line":434,"column":8},"end":{"line":434,"column":94}},{"start":{"line":435,"column":8},"end":{"line":435,"column":99}}]}},"s":{"0":1,"1":1,"2":1,"3":1,"4":1,"5":1,"6":0,"7":0,"8":0,"9":0,"10":0,"11":0,"12":0,"13":1,"14":1,"15":2,"16":2,"17":2,"18":2,"19":2,"20":2,"21":2,"22":2,"23":0,"24":0,"25":0,"26":0,"27":0,"28":0,"29":0,"30":0,"31":0,"32":0,"33":0,"34":0,"35":0,"36":0,"37":0,"38":0,"39":0,"40":2,"41":2,"42":2,"43":0,"44":2,"45":2,"46":2,"47":2,"48":2,"49":0,"50":0,"51":0,"52":1,"53":1,"54":1,"55":1,"56":1,"57":1,"58":0,"59":0,"60":0,"61":1,"62":1,"63":0,"64":1,"65":1,"66":1,"67":1,"68":2,"69":2,"70":1,"71":1,"72":1,"73":0,"74":0,"75":1,"76":1,"77":0,"78":0,"79":1,"80":1,"81":1,"82":0,"83":0,"84":1,"85":1,"86":1,"87":0,"88":0,"89":1,"90":0,"91":0,"92":0,"93":0,"94":1,"95":1,"96":2,"97":2,"98":1,"99":1,"100":1,"101":0,"102":0,"103":1,"104":1,"105":0,"106":0,"107":1,"108":1,"109":0,"110":0,"111":0,"112":0,"113":0,"114":0,"115":1,"116":1,"117":1,"118":1,"119":0,"120":0,"121":1,"122":1,"123":1,"124":1,"125":0,"126":0,"127":1,"128":1,"129":1,"130":1,"131":0,"132":0,"133":1,"134":1,"135":0,"136":0,"137":0,"138":0,"139":0,"140":0,"141":0,"142":0,"143":0,"144":0,"145":0,"146":0,"147":0,"148":1},"f":{"0":0,"1":0,"2":0,"3":0,"4":2,"5":0,"6":0,"7":0,"8":2,"9":2,"10":1,"11":1,"12":1,"13":2,"14":0,"15":2,"16":0,"17":1,"18":1,"19":1,"20":0,"21":0},"b":{"0":[0,0],"1":[2,0],"2":[2,2,2],"3":[2,0],"4":[0,2],"5":[0,2],"6":[2,0],"7":[2,0],"8":[2,0],"9":[2,2],"10":[2,0],"11":[0,0],"12":[0,0],"13":[0,0],"14":[0,0],"15":[0,0],"16":[0,0],"17":[0,0],"18":[0,0],"19":[0,0],"20":[0,0],"21":[0,0],"22":[0,2],"23":[2,2],"24":[2,1],"25":[2,0],"26":[0,0],"27":[1,0],"28":[0,0],"29":[0,1],"30":[1,1],"31":[2,2],"32":[0,1],"33":[0,1],"34":[1,1],"35":[1,1],"36":[0,1],"37":[1,0],"38":[0,1],"39":[0,1],"40":[1,0,0,0],"41":[0,0],"42":[1,1],"43":[2,2],"44":[0,1],"45":[0,1],"46":[0,0],"47":[0,1],"48":[0,1],"49":[0,1],"50":[0],"51":[0,0],"52":[0,0],"53":[0,0],"54":[0,0]}}
}
