TN:
SF:apps\app-admin\src\app.ts
FN:20,(anonymous_1)
FN:36,(anonymous_2)
FNF:2
FNH:1
FNDA:8,(anonymous_1)
FNDA:0,(anonymous_2)
DA:1,1
DA:2,1
DA:3,1
DA:4,1
DA:5,1
DA:6,1
DA:8,1
DA:10,1
DA:19,1
DA:21,8
DA:22,0
DA:23,0
DA:30,1
DA:31,1
DA:32,1
DA:33,1
DA:34,1
DA:36,1
DA:37,0
DA:40,1
DA:42,1
LF:21
LH:18
BRDA:21,0,0,8
BRDA:21,0,1,0
BRDA:22,1,0,0
BRDA:22,1,1,0
BRF:4
BRH:1
end_of_record
TN:
SF:apps\app-admin\src\config\env.ts
FN:3,requireEnv
FN:9,requireEnvAny
FN:17,normalizeOrigin
FN:21,parseOrigins
FNF:4
FNH:4
FNDA:1,requireEnv
FNDA:2,requireEnvAny
FNDA:2,normalizeOrigin
FNDA:1,parseOrigins
DA:1,1
DA:4,1
DA:5,1
DA:6,1
DA:10,2
DA:11,2
DA:12,2
DA:14,0
DA:18,2
DA:22,1
DA:23,1
DA:26,1
DA:34,1
DA:36,1
LF:14
LH:13
BRDA:5,0,0,0
BRDA:5,0,1,1
BRDA:12,1,0,2
BRDA:12,1,1,0
BRDA:22,2,0,0
BRDA:22,2,1,1
BRDA:27,3,0,1
BRDA:27,3,1,0
BRDA:27,3,2,0
BRDA:28,4,0,0
BRDA:28,4,1,0
BRDA:34,5,0,0
BRDA:34,5,1,1
BRDA:37,6,0,1
BRDA:37,6,1,0
BRF:15
BRH:6
end_of_record
TN:
SF:apps\app-admin\src\routes\admin.routes.ts
FN:8,(anonymous_0)
FN:39,(anonymous_1)
FN:51,(anonymous_2)
FN:54,(anonymous_3)
FN:69,(anonymous_4)
FN:88,(anonymous_5)
FN:117,(anonymous_6)
FN:134,(anonymous_7)
FN:145,(anonymous_8)
FN:161,(anonymous_9)
FN:178,(anonymous_10)
FNF:11
FNH:8
FNDA:4,(anonymous_0)
FNDA:1,(anonymous_1)
FNDA:24,(anonymous_2)
FNDA:38,(anonymous_3)
FNDA:0,(anonymous_4)
FNDA:1,(anonymous_5)
FNDA:0,(anonymous_6)
FNDA:1,(anonymous_7)
FNDA:7,(anonymous_8)
FNDA:0,(anonymous_9)
FNDA:1,(anonymous_10)
DA:1,1
DA:2,1
DA:3,1
DA:4,1
DA:6,1
DA:8,1
DA:9,4
DA:13,4
DA:16,4
DA:18,4
DA:21,0
DA:22,0
DA:23,0
DA:29,0
DA:31,0
DA:33,0
DA:39,1
DA:40,1
DA:41,1
DA:43,1
DA:48,1
DA:50,1
DA:51,24
DA:54,38
DA:63,1
DA:65,0
DA:69,1
DA:70,0
DA:71,0
DA:72,0
DA:74,0
DA:80,0
DA:82,0
DA:84,0
DA:88,1
DA:89,1
DA:90,1
DA:91,1
DA:92,1
DA:94,1
DA:95,1
DA:96,1
DA:98,1
DA:99,1
DA:102,0
DA:109,0
DA:111,0
DA:113,0
DA:117,1
DA:118,0
DA:119,0
DA:120,0
DA:122,0
DA:124,0
DA:126,0
DA:128,0
DA:134,1
DA:135,1
DA:136,1
DA:138,1
DA:143,1
DA:145,7
DA:155,1
DA:157,0
DA:161,1
DA:162,0
DA:163,0
DA:164,0
DA:166,0
DA:168,0
DA:170,0
DA:172,0
DA:178,1
DA:179,1
DA:180,1
DA:187,1
DA:194,1
DA:204,0
DA:208,1
LF:79
LH:45
BRDA:9,0,0,0
BRDA:9,0,1,4
BRDA:13,1,0,4
BRDA:13,1,1,4
BRDA:18,2,0,4
BRDA:18,2,1,0
BRDA:29,3,0,0
BRDA:29,3,1,0
BRDA:48,4,0,0
BRDA:48,4,1,1
BRDA:51,5,0,1
BRDA:51,5,1,0
BRDA:51,6,0,24
BRDA:51,6,1,0
BRDA:54,7,0,1
BRDA:54,7,1,0
BRDA:57,8,0,38
BRDA:57,8,1,17
BRDA:58,9,0,38
BRDA:58,9,1,0
BRDA:59,10,0,38
BRDA:59,10,1,38
BRDA:80,11,0,0
BRDA:80,11,1,0
BRDA:80,12,0,0
BRDA:80,12,1,0
BRDA:95,13,0,0
BRDA:95,13,1,1
BRDA:96,14,0,0
BRDA:96,14,1,1
BRDA:98,15,0,1
BRDA:98,15,1,0
BRDA:109,16,0,0
BRDA:109,16,1,0
BRDA:124,17,0,0
BRDA:124,17,1,0
BRDA:143,18,0,0
BRDA:143,18,1,1
BRDA:145,19,0,1
BRDA:145,19,1,0
BRDA:148,20,0,7
BRDA:148,20,1,0
BRDA:149,21,0,7
BRDA:149,21,1,0
BRDA:151,22,0,7
BRDA:151,22,1,0
BRDA:168,23,0,0
BRDA:168,23,1,0
BRDA:196,24,0,1
BRDA:196,24,1,0
BRDA:197,25,0,1
BRDA:197,25,1,0
BRDA:198,26,0,1
BRDA:198,26,1,0
BRDA:199,27,0,1
BRDA:199,27,1,1
BRF:56
BRH:26
end_of_record
TN:
SF:apps\app-auth\src\app.ts
FN:20,(anonymous_1)
FN:36,(anonymous_2)
FNF:2
FNH:1
FNDA:10,(anonymous_1)
FNDA:0,(anonymous_2)
DA:1,1
DA:2,1
DA:3,1
DA:4,1
DA:5,1
DA:6,1
DA:8,1
DA:10,1
DA:19,1
DA:21,10
DA:22,0
DA:23,0
DA:30,1
DA:31,1
DA:32,1
DA:33,1
DA:34,1
DA:36,1
DA:37,0
DA:40,1
DA:42,1
LF:21
LH:18
BRDA:21,0,0,10
BRDA:21,0,1,0
BRDA:22,1,0,0
BRDA:22,1,1,0
BRF:4
BRH:1
end_of_record
TN:
SF:apps\app-auth\src\config\env.ts
FN:3,requireEnv
FN:9,requireEnvAny
FN:17,normalizeOrigin
FN:21,parseOrigins
FNF:4
FNH:4
FNDA:1,requireEnv
FNDA:2,requireEnvAny
FNDA:2,normalizeOrigin
FNDA:1,parseOrigins
DA:1,1
DA:4,1
DA:5,1
DA:6,1
DA:10,2
DA:11,2
DA:12,2
DA:14,0
DA:18,2
DA:22,1
DA:23,1
DA:26,1
DA:35,1
DA:37,1
DA:38,1
DA:42,1
LF:16
LH:15
BRDA:5,0,0,0
BRDA:5,0,1,1
BRDA:12,1,0,2
BRDA:12,1,1,0
BRDA:22,2,0,0
BRDA:22,2,1,1
BRDA:27,3,0,1
BRDA:27,3,1,0
BRDA:27,3,2,0
BRDA:27,3,3,0
BRDA:29,4,0,0
BRDA:29,4,1,0
BRDA:35,5,0,0
BRDA:35,5,1,1
BRDA:43,6,0,1
BRDA:43,6,1,0
BRF:16
BRH:6
end_of_record
TN:
SF:apps\app-auth\src\lib\supabase.ts
FN:3,createAnonClient
FN:14,createServiceRoleClient
FNF:2
FNH:1
FNDA:6,createAnonClient
FNDA:0,createServiceRoleClient
DA:1,1
DA:3,1
DA:4,6
DA:5,6
DA:7,6
DA:14,1
DA:15,0
LF:7
LH:6
BRDA:10,0,0,2
BRDA:10,0,1,4
BRF:2
BRH:2
end_of_record
TN:
SF:apps\app-auth\src\routes\auth.routes.ts
FN:8,(anonymous_0)
FN:28,(anonymous_1)
FN:90,(anonymous_2)
FN:104,(anonymous_3)
FN:122,(anonymous_4)
FN:131,roleRedirectPath
FNF:6
FNH:4
FNDA:5,(anonymous_0)
FNDA:2,(anonymous_1)
FNDA:1,(anonymous_2)
FNDA:2,(anonymous_3)
FNDA:0,(anonymous_4)
FNDA:0,roleRedirectPath
DA:1,1
DA:2,1
DA:3,1
DA:4,1
DA:6,1
DA:8,1
DA:9,5
DA:11,5
DA:12,1
DA:15,4
DA:16,4
DA:18,4
DA:19,1
DA:20,0
DA:22,1
DA:25,3
DA:28,1
DA:29,2
DA:38,2
DA:39,1
DA:42,1
DA:43,1
DA:46,0
DA:47,0
DA:60,0
DA:61,0
DA:65,0
DA:66,0
DA:67,0
DA:77,0
DA:78,0
DA:82,0
DA:83,0
DA:87,0
DA:90,1
DA:91,1
DA:92,1
DA:94,1
DA:95,1
DA:97,1
DA:98,0
DA:101,1
DA:104,1
DA:105,2
DA:106,2
DA:108,2
DA:109,1
DA:112,1
DA:113,1
DA:115,1
DA:116,0
DA:119,1
DA:122,1
DA:123,0
DA:124,0
DA:126,0
DA:133,0
DA:137,0
DA:138,0
DA:139,0
DA:142,0
DA:143,0
DA:146,0
DA:147,0
DA:148,0
DA:149,0
DA:152,0
DA:153,0
DA:159,0
DA:160,0
DA:164,0
DA:165,0
DA:168,0
DA:169,0
DA:174,0
DA:176,0
DA:177,0
DA:181,1
LF:78
LH:39
BRDA:11,0,0,1
BRDA:11,0,1,4
BRDA:11,1,0,5
BRDA:11,1,1,4
BRDA:18,2,0,1
BRDA:18,2,1,3
BRDA:19,3,0,0
BRDA:19,3,1,1
BRDA:38,4,0,1
BRDA:38,4,1,1
BRDA:38,5,0,2
BRDA:38,5,1,1
BRDA:38,5,2,1
BRDA:42,6,0,1
BRDA:42,6,1,0
BRDA:53,7,0,0
BRDA:53,7,1,0
BRDA:54,8,0,0
BRDA:54,8,1,0
BRDA:55,9,0,0
BRDA:55,9,1,0
BRDA:60,10,0,0
BRDA:60,10,1,0
BRDA:65,11,0,0
BRDA:65,11,1,0
BRDA:66,12,0,0
BRDA:66,12,1,0
BRDA:71,13,0,0
BRDA:71,13,1,0
BRDA:71,14,0,0
BRDA:71,14,1,0
BRDA:73,15,0,0
BRDA:73,15,1,0
BRDA:73,16,0,0
BRDA:73,16,1,0
BRDA:74,17,0,0
BRDA:74,17,1,0
BRDA:74,18,0,0
BRDA:74,18,1,0
BRDA:82,19,0,0
BRDA:82,19,1,0
BRDA:92,20,0,1
BRDA:92,20,1,0
BRDA:97,21,0,0
BRDA:97,21,1,1
BRDA:106,22,0,1
BRDA:106,22,1,1
BRDA:108,23,0,1
BRDA:108,23,1,1
BRDA:115,24,0,0
BRDA:115,24,1,1
BRDA:115,25,0,1
BRDA:115,25,1,1
BRDA:126,26,0,0
BRDA:126,26,1,0
BRDA:126,27,0,0
BRDA:126,27,1,0
BRDA:133,28,0,0
BRDA:133,28,1,0
BRDA:133,28,2,0
BRDA:137,29,0,0
BRDA:137,29,1,0
BRDA:138,30,0,0
BRDA:138,30,1,0
BRDA:146,31,0,0
BRDA:146,31,1,0
BRDA:148,32,0,0
BRDA:148,32,1,0
BRDA:148,33,0,0
BRDA:148,33,1,0
BRDA:154,34,0,0
BRDA:154,34,1,0
BRDA:154,35,0,0
BRDA:154,35,1,0
BRDA:159,36,0,0
BRDA:159,36,1,0
BRDA:159,37,0,0
BRDA:159,37,1,0
BRDA:164,38,0,0
BRDA:164,38,1,0
BRDA:164,39,0,0
BRDA:164,39,1,0
BRDA:170,40,0,0
BRDA:170,40,1,0
BRDA:170,41,0,0
BRDA:170,41,1,0
BRF:86
BRH:22
end_of_record
TN:
SF:apps\app-auth\src\utils\http.ts
FN:3,badRequest
FN:7,serverError
FNF:2
FNH:1
FNDA:4,badRequest
FNDA:0,serverError
DA:3,1
DA:4,4
DA:7,1
DA:8,0
LF:4
LH:3
BRDA:7,0,0,0
BRF:1
BRH:0
end_of_record
TN:
SF:apps\app-chat\src\app.ts
FN:20,(anonymous_1)
FN:36,(anonymous_2)
FNF:2
FNH:0
FNDA:0,(anonymous_1)
FNDA:0,(anonymous_2)
DA:1,1
DA:2,1
DA:3,1
DA:4,1
DA:5,1
DA:6,1
DA:8,1
DA:10,1
DA:19,1
DA:21,0
DA:22,0
DA:23,0
DA:30,1
DA:31,1
DA:32,1
DA:33,1
DA:34,1
DA:36,1
DA:37,0
DA:40,1
DA:42,1
LF:21
LH:17
BRDA:21,0,0,0
BRDA:21,0,1,0
BRDA:22,1,0,0
BRDA:22,1,1,0
BRF:4
BRH:0
end_of_record
TN:
SF:apps\app-chat\src\config\env.ts
FN:3,requireEnv
FN:9,requireEnvAny
FN:17,normalizeOrigin
FN:21,parseOrigins
FNF:4
FNH:4
FNDA:1,requireEnv
FNDA:2,requireEnvAny
FNDA:2,normalizeOrigin
FNDA:1,parseOrigins
DA:1,1
DA:4,1
DA:5,1
DA:6,1
DA:10,2
DA:11,2
DA:12,2
DA:14,0
DA:18,2
DA:22,1
DA:23,1
DA:26,1
DA:34,1
DA:36,1
LF:14
LH:13
BRDA:5,0,0,0
BRDA:5,0,1,1
BRDA:12,1,0,2
BRDA:12,1,1,0
BRDA:22,2,0,0
BRDA:22,2,1,1
BRDA:27,3,0,1
BRDA:27,3,1,0
BRDA:27,3,2,0
BRDA:28,4,0,0
BRDA:28,4,1,0
BRDA:34,5,0,0
BRDA:34,5,1,1
BRDA:37,6,0,1
BRDA:37,6,1,0
BRF:15
BRH:6
end_of_record
TN:
SF:apps\app-chat\src\routes\chat.routes.ts
FN:9,(anonymous_0)
FN:19,(anonymous_1)
FN:33,(anonymous_2)
FN:39,(anonymous_3)
FN:43,(anonymous_4)
FN:44,(anonymous_5)
FN:46,(anonymous_6)
FN:63,(anonymous_7)
FN:90,(anonymous_8)
FN:101,(anonymous_9)
FN:111,(anonymous_10)
FN:114,(anonymous_11)
FN:130,(anonymous_12)
FN:147,(anonymous_13)
FN:161,(anonymous_14)
FN:185,(anonymous_15)
FN:193,(anonymous_16)
FN:204,(anonymous_17)
FN:205,(anonymous_18)
FN:206,(anonymous_19)
FN:210,(anonymous_20)
FNF:21
FNH:0
FNDA:0,(anonymous_0)
FNDA:0,(anonymous_1)
FNDA:0,(anonymous_2)
FNDA:0,(anonymous_3)
FNDA:0,(anonymous_4)
FNDA:0,(anonymous_5)
FNDA:0,(anonymous_6)
FNDA:0,(anonymous_7)
FNDA:0,(anonymous_8)
FNDA:0,(anonymous_9)
FNDA:0,(anonymous_10)
FNDA:0,(anonymous_11)
FNDA:0,(anonymous_12)
FNDA:0,(anonymous_13)
FNDA:0,(anonymous_14)
FNDA:0,(anonymous_15)
FNDA:0,(anonymous_16)
FNDA:0,(anonymous_17)
FNDA:0,(anonymous_18)
FNDA:0,(anonymous_19)
FNDA:0,(anonymous_20)
DA:1,1
DA:2,1
DA:3,1
DA:5,1
DA:7,1
DA:9,1
DA:10,0
DA:15,0
DA:16,0
DA:19,0
DA:20,0
DA:23,0
DA:29,0
DA:30,0
DA:33,0
DA:34,0
DA:35,0
DA:38,0
DA:39,0
DA:40,0
DA:43,0
DA:44,0
DA:45,0
DA:46,0
DA:49,0
DA:60,0
DA:63,1
DA:64,0
DA:65,0
DA:71,0
DA:72,0
DA:75,0
DA:79,0
DA:81,0
DA:85,0
DA:87,0
DA:90,1
DA:91,0
DA:93,0
DA:99,0
DA:101,0
DA:102,0
DA:104,0
DA:105,0
DA:110,0
DA:111,0
DA:114,0
DA:115,0
DA:116,0
DA:127,0
DA:130,1
DA:131,0
DA:132,0
DA:134,0
DA:136,0
DA:142,0
DA:144,0
DA:147,1
DA:148,0
DA:150,0
DA:156,0
DA:158,0
DA:161,1
DA:162,0
DA:164,0
DA:171,0
DA:173,0
DA:180,0
DA:182,0
DA:185,1
DA:186,0
DA:191,0
DA:193,0
DA:194,0
DA:196,0
DA:202,0
DA:204,0
DA:205,0
DA:206,0
DA:207,0
DA:210,0
DA:213,1
LF:82
LH:13
BRDA:15,0,0,0
BRDA:15,0,1,0
BRDA:20,1,0,0
BRDA:20,1,1,0
BRDA:29,2,0,0
BRDA:29,2,1,0
BRDA:29,3,0,0
BRDA:29,3,1,0
BRDA:29,3,2,0
BRDA:34,4,0,0
BRDA:34,4,1,0
BRDA:40,5,0,0
BRDA:40,5,1,0
BRDA:46,6,0,0
BRDA:46,6,1,0
BRDA:46,6,2,0
BRDA:46,7,0,0
BRDA:46,7,1,0
BRDA:54,8,0,0
BRDA:54,8,1,0
BRDA:55,9,0,0
BRDA:55,9,1,0
BRDA:71,10,0,0
BRDA:71,10,1,0
BRDA:77,11,0,0
BRDA:77,11,1,0
BRDA:77,12,0,0
BRDA:77,12,1,0
BRDA:79,13,0,0
BRDA:79,13,1,0
BRDA:85,14,0,0
BRDA:85,14,1,0
BRDA:99,15,0,0
BRDA:99,15,1,0
BRDA:104,16,0,0
BRDA:104,16,1,0
BRDA:110,17,0,0
BRDA:110,17,1,0
BRDA:120,18,0,0
BRDA:120,18,1,0
BRDA:134,19,0,0
BRDA:134,19,1,0
BRDA:134,20,0,0
BRDA:134,20,1,0
BRDA:142,21,0,0
BRDA:142,21,1,0
BRDA:156,22,0,0
BRDA:156,22,1,0
BRDA:171,23,0,0
BRDA:171,23,1,0
BRDA:180,24,0,0
BRDA:180,24,1,0
BRDA:191,25,0,0
BRDA:191,25,1,0
BRDA:194,26,0,0
BRDA:194,26,1,0
BRDA:202,27,0,0
BRDA:202,27,1,0
BRDA:205,28,0,0
BRDA:205,28,1,0
BRDA:206,29,0,0
BRDA:206,29,1,0
BRF:62
BRH:0
end_of_record
TN:
SF:apps\app-events\src\app.ts
FN:20,(anonymous_1)
FN:36,(anonymous_2)
FNF:2
FNH:1
FNDA:11,(anonymous_1)
FNDA:0,(anonymous_2)
DA:1,1
DA:2,1
DA:3,1
DA:4,1
DA:5,1
DA:6,1
DA:8,1
DA:10,1
DA:19,1
DA:21,11
DA:22,0
DA:23,0
DA:30,1
DA:31,1
DA:32,1
DA:33,1
DA:34,1
DA:36,1
DA:37,0
DA:40,1
DA:42,1
LF:21
LH:18
BRDA:21,0,0,11
BRDA:21,0,1,0
BRDA:22,1,0,0
BRDA:22,1,1,0
BRF:4
BRH:1
end_of_record
TN:
SF:apps\app-events\src\config\env.ts
FN:3,requireEnv
FN:9,requireEnvAny
FN:17,normalizeOrigin
FN:21,parseOrigins
FNF:4
FNH:4
FNDA:1,requireEnv
FNDA:2,requireEnvAny
FNDA:2,normalizeOrigin
FNDA:1,parseOrigins
DA:1,1
DA:4,1
DA:5,1
DA:6,1
DA:10,2
DA:11,2
DA:12,2
DA:14,0
DA:18,2
DA:22,1
DA:23,1
DA:26,1
DA:34,1
DA:36,1
LF:14
LH:13
BRDA:5,0,0,0
BRDA:5,0,1,1
BRDA:12,1,0,2
BRDA:12,1,1,0
BRDA:22,2,0,0
BRDA:22,2,1,1
BRDA:27,3,0,1
BRDA:27,3,1,0
BRDA:27,3,2,0
BRDA:28,4,0,0
BRDA:28,4,1,0
BRDA:34,5,0,0
BRDA:34,5,1,1
BRDA:37,6,0,1
BRDA:37,6,1,0
BRF:15
BRH:6
end_of_record
TN:
SF:apps\app-events\src\routes\events.routes.ts
FN:10,(anonymous_0)
FN:26,(anonymous_1)
FN:40,(anonymous_2)
FN:55,(anonymous_3)
FN:105,(anonymous_4)
FN:174,(anonymous_5)
FNF:6
FNH:5
FNDA:2,(anonymous_0)
FNDA:2,(anonymous_1)
FNDA:1,(anonymous_2)
FNDA:2,(anonymous_3)
FNDA:0,(anonymous_4)
FNDA:2,(anonymous_5)
DA:1,1
DA:2,1
DA:3,1
DA:4,1
DA:7,1
DA:10,1
DA:11,2
DA:12,2
DA:13,1
DA:16,1
DA:17,1
DA:22,1
DA:23,1
DA:26,1
DA:27,2
DA:28,2
DA:34,2
DA:35,2
DA:38,1
DA:40,1
DA:41,1
DA:48,1
DA:49,0
DA:52,1
DA:55,1
DA:56,2
DA:72,2
DA:73,1
DA:76,1
DA:98,1
DA:99,0
DA:102,1
DA:105,1
DA:106,0
DA:107,0
DA:139,0
DA:140,0
DA:141,0
DA:142,0
DA:143,0
DA:144,0
DA:145,0
DA:146,0
DA:147,0
DA:148,0
DA:149,0
DA:150,0
DA:151,0
DA:152,0
DA:154,0
DA:155,0
DA:158,0
DA:167,0
DA:168,0
DA:171,0
DA:174,1
DA:175,2
DA:177,2
DA:183,2
DA:184,0
DA:187,2
DA:190,1
LF:62
LH:37
BRDA:12,0,0,1
BRDA:12,0,1,1
BRDA:12,1,0,2
BRDA:12,1,1,2
BRDA:22,2,0,0
BRDA:22,2,1,1
BRDA:23,3,0,1
BRDA:23,3,1,0
BRDA:34,4,0,0
BRDA:34,4,1,2
BRDA:35,5,0,2
BRDA:35,5,1,0
BRDA:48,6,0,0
BRDA:48,6,1,1
BRDA:52,7,0,1
BRDA:52,7,1,0
BRDA:72,8,0,1
BRDA:72,8,1,1
BRDA:72,9,0,2
BRDA:72,9,1,2
BRDA:72,9,2,1
BRDA:72,9,3,1
BRDA:85,10,0,1
BRDA:85,10,1,0
BRDA:86,11,0,1
BRDA:86,11,1,1
BRDA:87,12,0,1
BRDA:87,12,1,1
BRDA:88,13,0,1
BRDA:88,13,1,1
BRDA:89,14,0,1
BRDA:89,14,1,1
BRDA:90,15,0,1
BRDA:90,15,1,0
BRDA:91,16,0,1
BRDA:91,16,1,1
BRDA:92,17,0,0
BRDA:92,17,1,1
BRDA:93,18,0,0
BRDA:93,18,1,1
BRDA:98,19,0,0
BRDA:98,19,1,1
BRDA:140,20,0,0
BRDA:140,20,1,0
BRDA:141,21,0,0
BRDA:141,21,1,0
BRDA:142,22,0,0
BRDA:142,22,1,0
BRDA:143,23,0,0
BRDA:143,23,1,0
BRDA:144,24,0,0
BRDA:144,24,1,0
BRDA:145,25,0,0
BRDA:145,25,1,0
BRDA:146,26,0,0
BRDA:146,26,1,0
BRDA:146,27,0,0
BRDA:146,27,1,0
BRDA:147,28,0,0
BRDA:147,28,1,0
BRDA:147,29,0,0
BRDA:147,29,1,0
BRDA:148,30,0,0
BRDA:148,30,1,0
BRDA:148,31,0,0
BRDA:148,31,1,0
BRDA:149,32,0,0
BRDA:149,32,1,0
BRDA:150,33,0,0
BRDA:150,33,1,0
BRDA:151,34,0,0
BRDA:151,34,1,0
BRDA:151,35,0,0
BRDA:151,35,1,0
BRDA:152,36,0,0
BRDA:152,36,1,0
BRDA:152,37,0,0
BRDA:152,37,1,0
BRDA:154,38,0,0
BRDA:154,38,1,0
BRDA:167,39,0,0
BRDA:167,39,1,0
BRDA:183,40,0,0
BRDA:183,40,1,2
BRF:84
BRH:32
end_of_record
TN:
SF:apps\app-places\src\app.ts
FN:20,(anonymous_1)
FN:40,(anonymous_2)
FNF:2
FNH:1
FNDA:6,(anonymous_1)
FNDA:0,(anonymous_2)
DA:1,1
DA:2,1
DA:3,1
DA:4,1
DA:5,1
DA:6,1
DA:8,1
DA:10,1
DA:19,1
DA:21,6
DA:22,0
DA:23,0
DA:30,1
DA:35,1
DA:36,1
DA:37,1
DA:38,1
DA:40,1
DA:41,0
DA:44,1
DA:46,1
LF:21
LH:18
BRDA:21,0,0,6
BRDA:21,0,1,0
BRDA:22,1,0,0
BRDA:22,1,1,0
BRF:4
BRH:1
end_of_record
TN:
SF:apps\app-places\src\config\env.ts
FN:3,requireEnv
FN:9,requireEnvAny
FN:17,normalizeOrigin
FN:21,parseOrigins
FNF:4
FNH:3
FNDA:0,requireEnv
FNDA:1,requireEnvAny
FNDA:2,normalizeOrigin
FNDA:1,parseOrigins
DA:1,1
DA:4,0
DA:5,0
DA:6,0
DA:10,1
DA:11,1
DA:12,1
DA:14,0
DA:18,2
DA:22,1
DA:23,1
DA:26,1
DA:34,1
DA:36,1
LF:14
LH:10
BRDA:5,0,0,0
BRDA:5,0,1,0
BRDA:12,1,0,1
BRDA:12,1,1,0
BRDA:22,2,0,0
BRDA:22,2,1,1
BRDA:27,3,0,1
BRDA:27,3,1,0
BRDA:27,3,2,0
BRDA:28,4,0,0
BRDA:28,4,1,0
BRDA:34,5,0,0
BRDA:34,5,1,1
BRDA:37,6,0,1
BRDA:37,6,1,0
BRF:15
BRH:5
end_of_record
TN:
SF:apps\app-places\src\routes\places.routes.ts
FN:8,(anonymous_0)
FN:41,(anonymous_1)
FN:70,(anonymous_2)
FNF:3
FNH:2
FNDA:5,(anonymous_0)
FNDA:0,(anonymous_1)
FNDA:1,(anonymous_2)
DA:1,1
DA:2,1
DA:4,1
DA:6,1
DA:8,1
DA:9,5
DA:10,5
DA:12,5
DA:13,2
DA:15,3
DA:16,1
DA:18,2
DA:19,1
DA:22,1
DA:23,1
DA:24,1
DA:25,1
DA:26,1
DA:28,1
DA:29,1
DA:31,1
DA:32,0
DA:35,1
DA:37,0
DA:41,1
DA:42,0
DA:43,0
DA:45,0
DA:46,0
DA:49,0
DA:50,0
DA:51,0
DA:55,0
DA:57,0
DA:58,0
DA:60,0
DA:61,0
DA:64,0
DA:66,0
DA:70,1
DA:71,1
DA:72,1
DA:74,1
DA:75,1
DA:78,0
DA:79,0
DA:80,0
DA:81,0
DA:82,0
DA:84,0
DA:86,0
DA:87,0
DA:90,0
DA:91,0
DA:92,0
DA:93,0
DA:95,0
DA:96,0
DA:98,0
DA:102,1
LF:60
LH:29
BRDA:12,0,0,2
BRDA:12,0,1,3
BRDA:12,1,0,5
BRDA:12,1,1,4
BRDA:12,1,2,3
BRDA:15,2,0,1
BRDA:15,2,1,2
BRDA:15,3,0,3
BRDA:15,3,1,3
BRDA:18,4,0,1
BRDA:18,4,1,1
BRDA:18,5,0,2
BRDA:18,5,1,2
BRDA:31,6,0,0
BRDA:31,6,1,1
BRDA:35,7,0,1
BRDA:35,7,1,0
BRDA:45,8,0,0
BRDA:45,8,1,0
BRDA:60,9,0,0
BRDA:60,9,1,0
BRDA:64,10,0,0
BRDA:64,10,1,0
BRDA:74,11,0,1
BRDA:74,11,1,0
BRDA:74,12,0,1
BRDA:74,12,1,0
BRDA:78,13,0,0
BRDA:78,13,1,0
BRDA:86,14,0,0
BRDA:86,14,1,0
BRDA:91,15,0,0
BRDA:91,15,1,0
BRF:33
BRH:17
end_of_record
TN:
SF:apps\app-profile\src\app.ts
FN:20,(anonymous_1)
FN:36,(anonymous_2)
FNF:2
FNH:1
FNDA:7,(anonymous_1)
FNDA:0,(anonymous_2)
DA:1,1
DA:2,1
DA:3,1
DA:4,1
DA:5,1
DA:6,1
DA:8,1
DA:10,1
DA:19,1
DA:21,7
DA:22,0
DA:23,0
DA:30,1
DA:31,1
DA:32,1
DA:33,1
DA:34,1
DA:36,1
DA:37,0
DA:40,1
DA:42,1
LF:21
LH:18
BRDA:21,0,0,7
BRDA:21,0,1,0
BRDA:22,1,0,0
BRDA:22,1,1,0
BRF:4
BRH:1
end_of_record
TN:
SF:apps\app-profile\src\config\env.ts
FN:3,requireEnv
FN:9,requireEnvAny
FN:17,normalizeOrigin
FN:21,parseOrigins
FNF:4
FNH:4
FNDA:1,requireEnv
FNDA:2,requireEnvAny
FNDA:2,normalizeOrigin
FNDA:1,parseOrigins
DA:1,1
DA:4,1
DA:5,1
DA:6,1
DA:10,2
DA:11,2
DA:12,2
DA:14,0
DA:18,2
DA:22,1
DA:23,1
DA:26,1
DA:34,1
DA:36,1
LF:14
LH:13
BRDA:5,0,0,0
BRDA:5,0,1,1
BRDA:12,1,0,2
BRDA:12,1,1,0
BRDA:22,2,0,0
BRDA:22,2,1,1
BRDA:27,3,0,1
BRDA:27,3,1,0
BRDA:27,3,2,0
BRDA:28,4,0,0
BRDA:28,4,1,0
BRDA:34,5,0,0
BRDA:34,5,1,1
BRDA:37,6,0,1
BRDA:37,6,1,0
BRF:15
BRH:6
end_of_record
TN:
SF:apps\app-profile\src\routes\profile.routes.ts
FN:10,(anonymous_0)
FN:28,(anonymous_1)
FN:61,(anonymous_2)
FN:97,(anonymous_3)
FNF:4
FNH:3
FNDA:1,(anonymous_0)
FNDA:2,(anonymous_1)
FNDA:0,(anonymous_2)
FNDA:1,(anonymous_3)
DA:1,1
DA:2,1
DA:3,1
DA:6,1
DA:8,1
DA:10,1
DA:11,1
DA:17,1
DA:18,0
DA:21,1
DA:22,0
DA:25,1
DA:28,1
DA:29,2
DA:36,2
DA:38,2
DA:39,2
DA:40,2
DA:41,2
DA:43,2
DA:44,1
DA:47,1
DA:54,1
DA:55,0
DA:58,1
DA:61,1
DA:62,0
DA:67,0
DA:68,0
DA:71,0
DA:72,0
DA:73,0
DA:75,0
DA:79,0
DA:80,0
DA:83,0
DA:85,0
DA:90,0
DA:91,0
DA:94,0
DA:97,1
DA:100,1
DA:102,1
DA:107,1
DA:108,0
DA:111,1
DA:116,1
LF:47
LH:29
BRDA:17,0,0,0
BRDA:17,0,1,1
BRDA:21,1,0,0
BRDA:21,1,1,1
BRDA:38,2,0,0
BRDA:38,2,1,2
BRDA:39,3,0,1
BRDA:39,3,1,1
BRDA:40,4,0,0
BRDA:40,4,1,2
BRDA:41,5,0,0
BRDA:41,5,1,2
BRDA:43,6,0,1
BRDA:43,6,1,1
BRDA:54,7,0,0
BRDA:54,7,1,1
BRDA:62,8,0,0
BRDA:67,9,0,0
BRDA:67,9,1,0
BRDA:72,10,0,0
BRDA:72,10,1,0
BRDA:79,11,0,0
BRDA:79,11,1,0
BRDA:90,12,0,0
BRDA:90,12,1,0
BRDA:107,13,0,0
BRDA:107,13,1,1
BRDA:107,14,0,1
BRDA:107,14,1,0
BRDA:112,15,0,1
BRDA:112,15,1,0
BRF:31
BRH:13
end_of_record
TN:
SF:apps\app-saved\src\app.ts
FN:20,(anonymous_1)
FN:36,(anonymous_2)
FNF:2
FNH:1
FNDA:12,(anonymous_1)
FNDA:0,(anonymous_2)
DA:1,1
DA:2,1
DA:3,1
DA:4,1
DA:5,1
DA:6,1
DA:8,1
DA:10,1
DA:19,1
DA:21,12
DA:22,0
DA:23,0
DA:30,1
DA:31,1
DA:32,1
DA:33,1
DA:34,1
DA:36,1
DA:37,0
DA:40,1
DA:42,1
LF:21
LH:18
BRDA:21,0,0,12
BRDA:21,0,1,0
BRDA:22,1,0,0
BRDA:22,1,1,0
BRF:4
BRH:1
end_of_record
TN:
SF:apps\app-saved\src\config\env.ts
FN:3,requireEnv
FN:9,requireEnvAny
FN:17,normalizeOrigin
FN:21,parseOrigins
FNF:4
FNH:4
FNDA:1,requireEnv
FNDA:2,requireEnvAny
FNDA:2,normalizeOrigin
FNDA:1,parseOrigins
DA:1,1
DA:4,1
DA:5,1
DA:6,1
DA:10,2
DA:11,2
DA:12,2
DA:14,0
DA:18,2
DA:22,1
DA:23,1
DA:26,1
DA:34,1
DA:36,1
LF:14
LH:13
BRDA:5,0,0,0
BRDA:5,0,1,1
BRDA:12,1,0,2
BRDA:12,1,1,0
BRDA:22,2,0,0
BRDA:22,2,1,1
BRDA:27,3,0,1
BRDA:27,3,1,0
BRDA:27,3,2,0
BRDA:28,4,0,0
BRDA:28,4,1,0
BRDA:34,5,0,0
BRDA:34,5,1,1
BRDA:37,6,0,1
BRDA:37,6,1,0
BRF:15
BRH:6
end_of_record
TN:
SF:apps\app-saved\src\routes\saved.routes.ts
FN:26,getRedisTools
FN:28,(anonymous_10)
FN:29,(anonymous_11)
FN:33,(anonymous_12)
FN:46,ensureProfile
FN:109,logSupabaseError
FN:117,asStableUuid
FN:122,shouldFallbackToUuid
FN:131,writeUserEvent
FN:141,(anonymous_18)
FN:179,deleteUserEvent
FN:183,(anonymous_20)
FN:204,ensureRoomMember
FN:226,(anonymous_22)
FN:309,(anonymous_23)
FN:319,(anonymous_24)
FN:353,(anonymous_25)
FN:366,(anonymous_26)
FN:379,(anonymous_27)
FN:395,(anonymous_28)
FN:416,(anonymous_29)
FN:435,(anonymous_30)
FNF:22
FNH:11
FNDA:0,getRedisTools
FNDA:0,(anonymous_10)
FNDA:0,(anonymous_11)
FNDA:0,(anonymous_12)
FNDA:2,ensureProfile
FNDA:0,logSupabaseError
FNDA:0,asStableUuid
FNDA:0,shouldFallbackToUuid
FNDA:2,writeUserEvent
FNDA:2,(anonymous_18)
FNDA:1,deleteUserEvent
FNDA:1,(anonymous_20)
FNDA:1,ensureRoomMember
FNDA:2,(anonymous_22)
FNDA:0,(anonymous_23)
FNDA:2,(anonymous_24)
FNDA:0,(anonymous_25)
FNDA:1,(anonymous_26)
FNDA:1,(anonymous_27)
FNDA:1,(anonymous_28)
FNDA:0,(anonymous_29)
FNDA:0,(anonymous_30)
DA:1,1
DA:2,1
DA:3,1
DA:4,1
DA:5,1
DA:24,1
DA:27,0
DA:28,0
DA:29,0
DA:34,0
DA:35,0
DA:39,0
DA:42,1
DA:44,1
DA:48,2
DA:55,2
DA:60,2
DA:66,2
DA:68,2
DA:76,2
DA:80,2
DA:84,0
DA:85,0
DA:86,0
DA:89,0
DA:102,0
DA:106,0
DA:110,0
DA:111,0
DA:113,0
DA:118,0
DA:119,0
DA:123,0
DA:125,0
DA:126,0
DA:128,0
DA:141,2
DA:142,2
DA:149,2
DA:150,0
DA:153,2
DA:165,2
DA:168,2
DA:169,2
DA:171,0
DA:172,0
DA:176,0
DA:183,1
DA:184,1
DA:191,1
DA:194,1
DA:195,1
DA:197,0
DA:198,0
DA:201,0
DA:208,1
DA:214,1
DA:215,0
DA:218,1
DA:219,1
DA:223,1
DA:226,1
DA:227,2
DA:238,2
DA:239,1
DA:242,1
DA:243,1
DA:244,0
DA:245,0
DA:251,1
DA:259,1
DA:260,0
DA:261,0
DA:269,1
DA:271,1
DA:284,1
DA:285,0
DA:286,0
DA:289,1
DA:290,1
DA:292,1
DA:293,0
DA:294,0
DA:299,1
DA:300,0
DA:302,0
DA:303,0
DA:310,0
DA:316,1
DA:319,1
DA:320,2
DA:327,2
DA:328,1
DA:331,1
DA:332,1
DA:333,0
DA:334,0
DA:337,1
DA:345,1
DA:346,0
DA:347,0
DA:350,1
DA:353,1
DA:354,0
DA:356,0
DA:358,0
DA:359,0
DA:360,0
DA:363,0
DA:366,1
DA:367,1
DA:369,1
DA:371,1
DA:372,0
DA:373,0
DA:376,1
DA:379,1
DA:380,1
DA:387,1
DA:388,0
DA:389,0
DA:392,1
DA:395,1
DA:396,1
DA:403,1
DA:404,0
DA:405,0
DA:408,1
DA:416,1
DA:417,0
DA:422,0
DA:423,0
DA:426,0
DA:427,0
DA:428,0
DA:429,0
DA:432,0
DA:433,0
DA:435,0
DA:437,0
DA:442,0
DA:443,0
DA:447,1
LF:143
LH:73
BRDA:27,0,0,0
BRDA:27,0,1,0
BRDA:48,1,0,2
BRDA:48,1,1,0
BRDA:48,2,0,2
BRDA:48,2,1,2
BRDA:48,2,2,2
BRDA:55,3,0,2
BRDA:55,3,1,0
BRDA:60,4,0,0
BRDA:60,4,1,2
BRDA:62,5,0,0
BRDA:62,5,1,2
BRDA:66,6,0,2
BRDA:66,6,1,0
BRDA:70,7,0,2
BRDA:70,7,1,0
BRDA:70,8,0,2
BRDA:70,8,1,0
BRDA:73,9,0,2
BRDA:73,9,1,2
BRDA:80,10,0,2
BRDA:80,10,1,0
BRDA:84,11,0,0
BRDA:84,11,1,0
BRDA:85,12,0,0
BRDA:85,12,1,0
BRDA:86,13,0,0
BRDA:86,13,1,0
BRDA:92,14,0,0
BRDA:92,14,1,0
BRDA:93,15,0,0
BRDA:93,15,1,0
BRDA:97,16,0,0
BRDA:97,16,1,0
BRDA:123,17,0,0
BRDA:123,17,1,0
BRDA:123,18,0,0
BRDA:123,18,1,0
BRDA:126,19,0,0
BRDA:126,19,1,0
BRDA:126,20,0,0
BRDA:126,20,1,0
BRDA:128,21,0,0
BRDA:128,21,1,0
BRDA:149,22,0,0
BRDA:149,22,1,2
BRDA:159,23,0,2
BRDA:159,23,1,2
BRDA:160,24,0,2
BRDA:160,24,1,1
BRDA:169,25,0,2
BRDA:169,25,1,0
BRDA:171,26,0,0
BRDA:171,26,1,0
BRDA:195,27,0,1
BRDA:195,27,1,0
BRDA:197,28,0,0
BRDA:197,28,1,0
BRDA:214,29,0,0
BRDA:214,29,1,1
BRDA:238,30,0,1
BRDA:238,30,1,1
BRDA:238,31,0,2
BRDA:238,31,1,2
BRDA:243,32,0,0
BRDA:243,32,1,1
BRDA:259,33,0,0
BRDA:259,33,1,1
BRDA:277,34,0,1
BRDA:277,34,1,1
BRDA:278,35,0,1
BRDA:278,35,1,1
BRDA:284,36,0,0
BRDA:284,36,1,1
BRDA:289,37,0,1
BRDA:289,37,1,0
BRDA:292,38,0,0
BRDA:292,38,1,1
BRDA:299,39,0,0
BRDA:299,39,1,1
BRDA:299,40,0,1
BRDA:299,40,1,0
BRDA:299,40,2,0
BRDA:299,40,3,0
BRDA:302,41,0,0
BRDA:302,41,1,0
BRDA:327,42,0,1
BRDA:327,42,1,1
BRDA:327,43,0,2
BRDA:327,43,1,2
BRDA:332,44,0,0
BRDA:332,44,1,1
BRDA:345,45,0,0
BRDA:345,45,1,1
BRDA:358,46,0,0
BRDA:358,46,1,0
BRDA:371,47,0,0
BRDA:371,47,1,1
BRDA:387,48,0,0
BRDA:387,48,1,1
BRDA:403,49,0,0
BRDA:403,49,1,1
BRDA:417,50,0,0
BRDA:422,51,0,0
BRDA:422,51,1,0
BRDA:422,52,0,0
BRDA:422,52,1,0
BRDA:428,53,0,0
BRDA:428,53,1,0
BRDA:433,54,0,0
BRDA:433,54,1,0
BRF:112
BRH:45
end_of_record
